~ ∴ telnet play.cobots.org
Trying 174.129.79.14...
Connected to ec2-174-129-79-14.compute-1.amazonaws.com.
Escape character is '^]'.
Welcome to the resistance!  The COBOTS are monitoring this channel, so I
must be brief...

Log your identity, take control of one of the confiscated and reprogrammed
bots, and save as many rubies as you can.  There's no time to waste!

register|login NAME PASSWORD?
login eregon 7FBbh9b9J
You have been identified.

resist|quit?
resist
Locating a cache of rubies for you to save...

The Ruby Resistance (eregon) vs. COBOT #CAC944

+--+--+--+--+--+--+--+--+--+
|    $  $  $  $  $  $  $ r |
| c                        |
+  +  +  +  +  +  +  +  +  +
|    $  $  $  $  $  $  $   |
|                          |
+  +  +  +  +  +  +  +  +  +
|>> >> >> >> >> >> >> >> >>|
|>> >> >> >> >> >> >> >> >>|
+  +  +  +  +  +  +  +  +  +
|vv vv vv vv vv vv vv vv vv|
|vv vv vv vv vv vv vv vv vv|
+  +  +  +  +  +  +  +  +  +
|<< << << << << << << << <<|
|<< << << << << << << << <<|
+  +  +  +  +  +  +  +  +  +
|                          |
|                          |
+  +  +  +  +  +  +  +  +  +
|             @            |
|                          |
+--+--+--+--+--+--+--+--+--+
!1:  r:balance:0, c:balance:0!

move 1|1|2|2|3|L|L|R|Rx4 1|1|2|2|3|L|L|R|R|balance|speed|maneuver|spin?
1 1 L L R
Unrecognized command:  1
move 1 1 L L R
Your moves will run when your opponent submits their moves.

!r:  1, c:  2!
+--+--+--+--+--+--+--+--+--+
|       $  $  $  $  $ R    |
|       C                  |
+  +  +  +  +  +  +  +  +  +
|    $  $  $  $  $  $  $   |
|                          |
+  +  +  +  +  +  +  +  +  +
|>> >> >> >> >> >> >> >> >>|
|>> >> >> >> >> >> >> >> >>|
+  +  +  +  +  +  +  +  +  +
|vv vv vv vv vv vv vv vv vv|
|vv vv vv vv vv vv vv vv vv|
+  +  +  +  +  +  +  +  +  +
|<< << << << << << << << <<|
|<< << << << << << << << <<|
+  +  +  +  +  +  +  +  +  +
|                          |
|                          |
+  +  +  +  +  +  +  +  +  +
|             @            |
|                          |
+--+--+--+--+--+--+--+--+--+

!R:  1, C:  r!
+--+--+--+--+--+--+--+--+--+
|       $  $  $  $ R$      |
|      C                   |
+  +  +  +  +  +  +  +  +  +
|    $  $  $  $  $  $  $   |
|                          |
+  +  +  +  +  +  +  +  +  +
|>> >> >> >> >> >> >> >> >>|
|>> >> >> >> >> >> >> >> >>|
+  +  +  +  +  +  +  +  +  +
|vv vv vv vv vv vv vv vv vv|
|vv vv vv vv vv vv vv vv vv|
+  +  +  +  +  +  +  +  +  +
|<< << << << << << << << <<|
|<< << << << << << << << <<|
+  +  +  +  +  +  +  +  +  +
|                          |
|                          |
+  +  +  +  +  +  +  +  +  +
|             @            |
|                          |
+--+--+--+--+--+--+--+--+--+

!R:  l, C:  2!
+--+--+--+--+--+--+--+--+--+
|       $  $  $  $  $      |
|                  R       |
+  +  +  +  +  +  +  +  +  +
|    $  $  $  $  $  $  $   |
|                          |
+  +  +  +  +  +  +  +  +  +
|>> >> >> >> >> >> >> >> >>|
|>> >> >> C> >> >> >> >> >>|
+  +  +  +  +  +  +  +  +  +
|vv vv vv vv vv vv vv vv vv|
|vv vv vv vv vv vv vv vv vv|
+  +  +  +  +  +  +  +  +  +
|<< << << << << << << << <<|
|<< << << << << << << << <<|
+  +  +  +  +  +  +  +  +  +
|                          |
|                          |
+  +  +  +  +  +  +  +  +  +
|             @            |
|                          |
+--+--+--+--+--+--+--+--+--+

!R:  l, C:  l!
+--+--+--+--+--+--+--+--+--+
|       $  $  $  $  $      |
|                   R      |
+  +  +  +  +  +  +  +  +  +
|    $  $  $  $  $  $  $   |
|                          |
+  +  +  +  +  +  +  +  +  +
|>> >> >> >> >> >> >> >> >>|
|>> >> >> >> >C >> >> >> >>|
+  +  +  +  +  +  +  +  +  +
|vv vv vv vv vv vv vv vv vv|
|vv vv vv vv vv vv vv vv vv|
+  +  +  +  +  +  +  +  +  +
|<< << << << << << << << <<|
|<< << << << << << << << <<|
+  +  +  +  +  +  +  +  +  +
|                          |
|                          |
+  +  +  +  +  +  +  +  +  +
|             @            |
|                          |
+--+--+--+--+--+--+--+--+--+

!R:  r, C:  1!
+--+--+--+--+--+--+--+--+--+
|       $  $  $  $  $      |
|                  R       |
+  +  +  +  +  +  +  +  +  +
|    $  $  $  $  $  $  $   |
|                          |
+  +  +  +  +  +  +  +  +  +
|>> >> >> >> >> >> >> >> >>|
|>> >> >> >> >> >> >C >> >>|
+  +  +  +  +  +  +  +  +  +
|vv vv vv vv vv vv vv vv vv|
|vv vv vv vv vv vv vv vv vv|
+  +  +  +  +  +  +  +  +  +
|<< << << << << << << << <<|
|<< << << << << << << << <<|
+  +  +  +  +  +  +  +  +  +
|                          |
|                          |
+  +  +  +  +  +  +  +  +  +
|             @            |
|                          |
+--+--+--+--+--+--+--+--+--+
!1:  R:balance:0, C:balance:0!

move 1|1|2|2|3|L|L|R|Rx4 1|1|2|2|3|L|L|R|R|balance|speed|maneuver|spin?
move speed 2 1 1 1
Invalid moves.
move 1 speed 1 2 3
Invalid moves.
move Rx4 1 2 3 2
Invalid moves.
move 1 L 2 R 3

!C:  r, R:  1!
+--+--+--+--+--+--+--+--+--+
|       $  $  $  $  $      |
|                          |
+  +  +  +  +  +  +  +  +  +
|    $  $  $  $  $  $  $   |
|                  R       |
+  +  +  +  +  +  +  +  +  +
|>> >> >> >> >> >> >> >> >>|
|>> >> >> >> >> >> >> C> >>|
+  +  +  +  +  +  +  +  +  +
|vv vv vv vv vv vv vv vv vv|
|vv vv vv vv vv vv vv vv vv|
+  +  +  +  +  +  +  +  +  +
|<< << << << << << << << <<|
|<< << << << << << << << <<|
+  +  +  +  +  +  +  +  +  +
|                          |
|                          |
+  +  +  +  +  +  +  +  +  +
|             @            |
|                          |
+--+--+--+--+--+--+--+--+--+

!C:  1, R:  l!
+--+--+--+--+--+--+--+--+--+
|       $  $  $  $  $      |
|                          |
+  +  +  +  +  +  +  +  +  +
|    $  $  $  $  $  $  $   |
|                   R      |
+  +  +  +  +  +  +  +  +  +
|>> >> >> >> >> >> >> >> >>|
|>> >> >> >> >> >> >> >> >>|
+  +  +  +  +  +  +  +  +  +
|vv vv vv vv vv vv vv vv vv|
|vv vv vv vv vv vv vv vv vv|
+  +  +  +  +  +  +  +  +  +
|<< << << << << << << C< <<|
|<< << << << << << << << <<|
+  +  +  +  +  +  +  +  +  +
|                          |
|                          |
+  +  +  +  +  +  +  +  +  +
|             @            |
|                          |
+--+--+--+--+--+--+--+--+--+

!C:  l, R:  2!
+--+--+--+--+--+--+--+--+--+
|       $  $  $  $  $      |
|                          |
+  +  +  +  +  +  +  +  +  +
|    $  $  $  $  $  $  $   |
|                         R|
+  +  +  +  +  +  +  +  +  +
|>> >> >> >> >> >> >> >> >>|
|>> >> >> >> >> >> >> >> >>|
+  +  +  +  +  +  +  +  +  +
|vv vv vv vv vv vv vv vv vv|
|vv vv vv vv vv vv vv vv vv|
+  +  +  +  +  +  +  +  +  +
|<< << << << << << << << <<|
|<< << << << << << C< << <<|
+  +  +  +  +  +  +  +  +  +
|                          |
|                          |
+  +  +  +  +  +  +  +  +  +
|             @            |
|                          |
+--+--+--+--+--+--+--+--+--+

!C:  2, R:  r!
+--+--+--+--+--+--+--+--+--+
|       $  $  $  $  $      |
|                          |
+  +  +  +  +  +  +  +  +  +
|    $  $  $  $  $  $  $   |
|                        R |
+  +  +  +  +  +  +  +  +  +
|>> >> >> >> >> >> >> >> >>|
|>> >> >> >> >> >> >> >> >>|
+  +  +  +  +  +  +  +  +  +
|vv vv vv vv vv vv vv vv vv|
|vv vv vv vv vv vv vv vv vv|
+  +  +  +  +  +  +  +  +  +
|<< << << << << << << << <<|
|<< << << << << << << << <<|
+  +  +  +  +  +  +  +  +  +
|                          |
|                          |
+  +  +  +  +  +  +  +  +  +
|             @            |
|                  C       |
+--+--+--+--+--+--+--+--+--+

!C:  2, R:  3!
+--+--+--+--+--+--+--+--+--+
|       $  $  $  $  $      |
|                          |
+  +  +  +  +  +  +  +  +  +
|    $  $  $  $  $  $  $   |
|                          |
+  +  +  +  +  +  +  +  +  +
|>> >> >> >> >> >> >> >> >>|
|>> >> >> >> >> >> >> >> >>|
+  +  +  +  +  +  +  +  +  +
|vv vv vv vv vv vv vv vv vv|
|vv vv vv vv vv vv vv vv vv|
+  +  +  +  +  +  +  +  +  +
|<< << << << << << << << <<|
|<< << << << << << << R< <<|
+  +  +  +  +  +  +  +  +  +
|                          |
|                          |
+  +  +  +  +  +  +  +  +  +
|             @            |
|                  C       |
+--+--+--+--+--+--+--+--+--+
!2:  C:balance:0, R:balance:0!

move 1|1|2|2|3|L|L|R|Rx4 1|1|2|2|3|L|L|R|R|balance|speed|maneuver|spin?
move 3 R 2 L 1 

!R:  3, C:  l!
+--+--+--+--+--+--+--+--+--+
|       $  $  $  $  $      |
|                          |
+  +  +  +  +  +  +  +  +  +
|    $  $  $  $  $  $  $   |
|                          |
+  +  +  +  +  +  +  +  +  +
|>> >> >> >> >> >> >> >> >>|
|>> >> >> >> >> >> >> >> >>|
+  +  +  +  +  +  +  +  +  +
|vv vv vv vv vv vv vv vv vv|
|vv vv vv vv vv vv vv vv vv|
+  +  +  +  +  +  +  +  +  +
|<< << << << << << << << <<|
|<< << << << << << << << <<|
+  +  +  +  +  +  +  +  +  +
|                          |
|                          |
+  +  +  +  +  +  +  +  +  +
|             @            |
|                   C R    |
+--+--+--+--+--+--+--+--+--+

!R:  r, C:  2!
+--+--+--+--+--+--+--+--+--+
|       $  $  $  $  $      |
|                          |
+  +  +  +  +  +  +  +  +  +
|    $  $  $  $  $  $  $   |
|                          |
+  +  +  +  +  +  +  +  +  +
|>> >> >> >> >> >> >> >> >>|
|>> >> >> >> >> >> >> >> >>|
+  +  +  +  +  +  +  +  +  +
|vv vv vv vv vv vv vv vv vv|
|vv vv vv vv vv vv vv vv vv|
+  +  +  +  +  +  +  +  +  +
|<< << << << << << << << <<|
|<< << << << << << << << <<|
+  +  +  +  +  +  +  +  +  +
|                          |
|                          |
+  +  +  +  +  +  +  +  +  +
|             @        $ r |
|                      C   |
+--+--+--+--+--+--+--+--+--+

!r:  2, C:  3!
+--+--+--+--+--+--+--+--+--+
|       $  $  $  $  $      |
|                          |
+  +  +  +  +  +  +  +  +  +
|    $  $  $  $  $  $  $   |
|                          |
+  +  +  +  +  +  +  +  +  +
|>> >> >> >> >> >> >> >> >>|
|>> >> >> >> >> >> >> >> >>|
+  +  +  +  +  +  +  +  +  +
|vv vv vv vv vv vv vv vv vv|
|vv vv vv vv vv vv vv vv vv|
+  +  +  +  +  +  +  +  +  +
|<< << << << << << << << <<|
|<< << << << << << << << <<|
+  +  +  +  +  +  +  +  +  +
|                          |
|                          |
+  +  +  +  +  +  +  +  +  +
|             @        $ r |
|                      C   |
+--+--+--+--+--+--+--+--+--+

!r:  l, C:  1!
+--+--+--+--+--+--+--+--+--+
|       $  $  $  $  $      |
|                          |
+  +  +  +  +  +  +  +  +  +
|    $  $  $  $  $  $  $   |
|                          |
+  +  +  +  +  +  +  +  +  +
|>> >> >> >> >> >> >> >> >>|
|>> >> >> >> >> >> >> >> >>|
+  +  +  +  +  +  +  +  +  +
|vv vv vv vv vv vv vv vv vv|
|vv vv vv vv vv vv vv vv vv|
+  +  +  +  +  +  +  +  +  +
|<< << << << << << << << <<|
|<< << << << << << << << <<|
+  +  +  +  +  +  +  +  +  +
|                          |
|                          |
+  +  +  +  +  +  +  +  +  +
|             @        $   |
|                      C r |
+--+--+--+--+--+--+--+--+--+

!r:  1, C:  1!
+--+--+--+--+--+--+--+--+--+
|       $  $  $  $  $      |
|                          |
+  +  +  +  +  +  +  +  +  +
|    $  $  $  $  $  $  $   |
|                          |
+  +  +  +  +  +  +  +  +  +
|>> >> >> >> >> >> >> >> >>|
|>> >> >> >> >> >> >> >> >>|
+  +  +  +  +  +  +  +  +  +
|vv vv vv vv vv vv vv vv vv|
|vv vv vv vv vv vv vv vv vv|
+  +  +  +  +  +  +  +  +  +
|<< << << << << << << << <<|
|<< << << << << << << << <<|
+  +  +  +  +  +  +  +  +  +
|                          |
|                          |
+  +  +  +  +  +  +  +  +  +
|             @        $   |
|                      C r |
+--+--+--+--+--+--+--+--+--+
!3:  r:balance:0, C:balance:0!

move 1|1|2|2|3|L|L|R|Rx4 1|1|2|2|3|L|L|R|R|balance|speed|maneuver|spin?
move 3 spin L speed 4
Invalid moves.
move 3 2 2 2 balance
Your robot cannot make those moves.
move 3 L 3 L speed
Your robot cannot make those moves.
move 3 L 3 L 2
Your robot cannot make those moves.
move 3 3 3 3 3
Your robot cannot make those moves.
move R 3 R 3 3
Your robot cannot make those moves.
help
Unrecognized command:  help
move 1 R 1 R spin

!C:  2, r:  1!
+--+--+--+--+--+--+--+--+--+
|       $  $  $  $  $      |
|                          |
+  +  +  +  +  +  +  +  +  +
|    $  $  $  $  $  $  $   |
|                          |
+  +  +  +  +  +  +  +  +  +
|>> >> >> >> >> >> >> >> >>|
|>> >> >> >> >> >> >> >> >>|
+  +  +  +  +  +  +  +  +  +
|vv vv vv vv vv vv vv vv vv|
|vv vv vv vv vv vv vv vv vv|
+  +  +  +  +  +  +  +  +  +
|<< << << << << << << << <<|
|<< << << << << << << << <<|
+  +  +  +  +  +  +  +  +  +
|                          |
|                          |
+  +  +  +  +  +  +  +  +  +
|             @        $   |
|                      C r |
+--+--+--+--+--+--+--+--+--+

!C:  l, r:  r!
+--+--+--+--+--+--+--+--+--+
|       $  $  $  $  $      |
|                          |
+  +  +  +  +  +  +  +  +  +
|    $  $  $  $  $  $  $   |
|                          |
+  +  +  +  +  +  +  +  +  +
|>> >> >> >> >> >> >> >> >>|
|>> >> >> >> >> >> >> >> >>|
+  +  +  +  +  +  +  +  +  +
|vv vv vv vv vv vv vv vv vv|
|vv vv vv vv vv vv vv vv vv|
+  +  +  +  +  +  +  +  +  +
|<< << << << << << << << <<|
|<< << << << << << << << <<|
+  +  +  +  +  +  +  +  +  +
|                          |
|                          |
+  +  +  +  +  +  +  +  +  +
|             @        C r |
|                      $   |
+--+--+--+--+--+--+--+--+--+

!C:  1, r:  1!
+--+--+--+--+--+--+--+--+--+
|       $  $  $  $  $      |
|                          |
+  +  +  +  +  +  +  +  +  +
|    $  $  $  $  $  $  $   |
|                          |
+  +  +  +  +  +  +  +  +  +
|>> >> >> >> >> >> >> >> >>|
|>> >> >> >> >> >> >> >> >>|
+  +  +  +  +  +  +  +  +  +
|vv vv vv vv vv vv vv vv vv|
|vv vv vv vv vv vv vv vv vv|
+  +  +  +  +  +  +  +  +  +
|<< << << << << << << << <<|
|<< << << << << << << << <<|
+  +  +  +  +  +  +  +  +  +
|                      C   |
|                          |
+  +  +  +  +  +  +  +  +  +
|             @       R    |
|                          |
+--+--+--+--+--+--+--+--+--+

!C:  1, R:  r!
+--+--+--+--+--+--+--+--+--+
|       $  $  $  $  $      |
|                          |
+  +  +  +  +  +  +  +  +  +
|    $  $  $  $  $  $  $   |
|                          |
+  +  +  +  +  +  +  +  +  +
|>> >> >> >> >> >> >> >> >>|
|>> >> >> >> >> >> >> >> >>|
+  +  +  +  +  +  +  +  +  +
|vv vv vv vv vv vv vv vv vv|
|vv vv vv vv vv vv vv vv vv|
+  +  +  +  +  +  +  +  +  +
|<< << << << << << <C << <<|
|<< << << << << << << << <<|
+  +  +  +  +  +  +  +  +  +
|                          |
|                          |
+  +  +  +  +  +  +  +  +  +
|             @        R   |
|                          |
+--+--+--+--+--+--+--+--+--+

!C:  spin, R:  spin!
+--+--+--+--+--+--+--+--+--+
|       $  $  $  $  $      |
|                          |
+  +  +  +  +  +  +  +  +  +
|    $  $  $  $  $  $  $   |
|                          |
+  +  +  +  +  +  +  +  +  +
|>> >> >> >> >> >> >> >> >>|
|>> >> >> >> >> >> >> >> >>|
+  +  +  +  +  +  +  +  +  +
|vv vv vv vv vv vv vv vv vv|
|vv vv vv vv vv vv vv vv vv|
+  +  +  +  +  +  +  +  +  +
|<< << << << << <C << << <<|
|<< << << << << << << << <<|
+  +  +  +  +  +  +  +  +  +
|                          |
|                          |
+  +  +  +  +  +  +  +  +  +
|             @        R   |
|                          |
+--+--+--+--+--+--+--+--+--+
!4:  C:spin:0, R:spin:0!

move 1|1|2|3|R|R|R|R|Rx4 1|1|2|3|R|R|R|R|R|balance|speed|maneuver|spin?
move 3 R 3 R 1
Your robot cannot make those moves.
move 3 R 2 R 1
Your moves will run when your opponent submits their moves.

!R:  3, C:  1!
+--+--+--+--+--+--+--+--+--+
|       $  $  $  $  $      |
|                          |
+  +  +  +  +  +  +  +  +  +
|    $  $  $  $  $  $  $   |
|                          |
+  +  +  +  +  +  +  +  +  +
|>> >> >> >> >> >> >> >> >>|
|>> >> >> >> >> >> >> >> >>|
+  +  +  +  +  +  +  +  +  +
|vv vv vv vv vv vv vv vv vv|
|vv vv vv vv vv vv vv vv vv|
+  +  +  +  +  +  +  +  +  +
|<< << << << << << << << <<|
|<< << << << << <C << <R <<|
+  +  +  +  +  +  +  +  +  +
|                          |
|                          |
+  +  +  +  +  +  +  +  +  +
|             @            |
|                          |
+--+--+--+--+--+--+--+--+--+

!R:  r, C:  2!
+--+--+--+--+--+--+--+--+--+
|       $  $  $  $  $      |
|                          |
+  +  +  +  +  +  +  +  +  +
|    $  $  $  $  $  $  $   |
|                          |
+  +  +  +  +  +  +  +  +  +
|>> >> >> >> >> >> >> >> >>|
|>> >> >> >> >> >> >> >> >>|
+  +  +  +  +  +  +  +  +  +
|vv vv vv vv vv vv vv vv vv|
|vv vv vv vv vv vv vv vv vv|
+  +  +  +  +  +  +  +  +  +
|<< << << << << << << << <<|
|<< << << << << << <C R< <<|
+  +  +  +  +  +  +  +  +  +
|                          |
|                          |
+  +  +  +  +  +  +  +  +  +
|             @            |
|                          |
+--+--+--+--+--+--+--+--+--+

!R:  2, C:  3!
+--+--+--+--+--+--+--+--+--+
|       $  $  $  $  $      |
|                          |
+  +  +  +  +  +  +  +  +  +
|    $  $  $  $  $  $  $   |
|                          |
+  +  +  +  +  +  +  +  +  +
|>> >> >> >> >> >> >> >> >>|
|>> >> >> >> >> >> >> >> >>|
+  +  +  +  +  +  +  +  +  +
|vv vv vv vv vv vv vv vv vv|
|vv vv vv vv vv vv vv vv vv|
+  +  +  +  +  +  +  +  +  +
|<< << << << << << << << <<|
|<< << << << << << << <C <<|
+  +  +  +  +  +  +  +  +  +
|                          |
|                          |
+  +  +  +  +  +  +  +  +  +
|             @            |
|                     R    |
+--+--+--+--+--+--+--+--+--+

!R:  r, C:  r!
+--+--+--+--+--+--+--+--+--+
|       $  $  $  $  $      |
|                          |
+  +  +  +  +  +  +  +  +  +
|    $  $  $  $  $  $  $   |
|                          |
+  +  +  +  +  +  +  +  +  +
|>> >> >> >> >> >> >> >> >>|
|>> >> >> >> >> >> >> >> >>|
+  +  +  +  +  +  +  +  +  +
|vv vv vv vv vv vv vv vv vv|
|vv vv vv vv vv vv vv vv vv|
+  +  +  +  +  +  +  +  +  +
|<< << << << << << << << <<|
|<< << << << << << C< << <<|
+  +  +  +  +  +  +  +  +  +
|                          |
|                          |
+  +  +  +  +  +  +  +  +  +
|             @       R    |
|                          |
+--+--+--+--+--+--+--+--+--+

!R:  1, C:  spin!
+--+--+--+--+--+--+--+--+--+
|       $  $  $  $  $      |
|                          |
+  +  +  +  +  +  +  +  +  +
|    $  $  $  $  $  $  $   |
|                          |
+  +  +  +  +  +  +  +  +  +
|>> >> >> >> >> >> >> >> >>|
|>> >> >> >> >> >> >> >> >>|
+  +  +  +  +  +  +  +  +  +
|vv vv vv vv vv vv vv vv vv|
|vv vv vv vv vv vv vv vv vv|
+  +  +  +  +  +  +  +  +  +
|<< << << << << << << << <<|
|<< << << << << C< << << <<|
+  +  +  +  +  +  +  +  +  +
|                          |
|                          |
+  +  +  +  +  +  +  +  +  +
|             @    R       |
|                          |
+--+--+--+--+--+--+--+--+--+
!5:  R:spin:0, C:spin:0!

move 1|1|2|3|R|R|R|R|Rx4 1|1|2|3|R|R|R|R|R|balance|speed|maneuver|spin?
move 3 R 2 R speed
Your moves will run when your opponent submits their moves.

!C:  1, R:  3!
+--+--+--+--+--+--+--+--+--+
|       $  $  $  $  $      |
|                          |
+  +  +  +  +  +  +  +  +  +
|    $  $  $  $  $  $  $   |
|                          |
+  +  +  +  +  +  +  +  +  +
|>> >> >> >> >> >> >> >> >>|
|>> >> >> >> >> >> >> >> >>|
+  +  +  +  +  +  +  +  +  +
|vv vv vv vv vv vv vv vv vv|
|vv vv vv vv vv vv vv vv vv|
+  +  +  +  +  +  +  +  +  +
|<< << << << << << << << <<|
|<< << << << << << << << <<|
+  +  +  +  +  +  +  +  +  +
|                          |
|               C          |
+  +  +  +  +  +  +  +  +  +
|         R   @            |
|                          |
+--+--+--+--+--+--+--+--+--+

!C:  2, R:  r!
+--+--+--+--+--+--+--+--+--+
|       $  $  $  $  $      |
|                          |
+  +  +  +  +  +  +  +  +  +
|    $  $  $  $  $  $  $   |
|                          |
+  +  +  +  +  +  +  +  +  +
|>> >> >> >> >> >> >> >> >>|
|>> >> >> >> >> >> >> >> >>|
+  +  +  +  +  +  +  +  +  +
|vv vv vv vv vv vv vv vv vv|
|vv vv vv vv vv vv vv vv vv|
+  +  +  +  +  +  +  +  +  +
|<< << << << << << << << <<|
|<< << << << << << << << <<|
+  +  +  +  +  +  +  +  +  +
|                          |
|                          |
+  +  +  +  +  +  +  +  +  +
|          R  @            |
|               C          |
+--+--+--+--+--+--+--+--+--+

!C:  3, R:  2!
+--+--+--+--+--+--+--+--+--+
|       $  $  $  $  $      |
|                          |
+  +  +  +  +  +  +  +  +  +
|    $  $  $  $  $  $  $   |
|                          |
+  +  +  +  +  +  +  +  +  +
|>> >> >> >> >> >> >> >> >>|
|>> >> >> >> >> >> >> >> >>|
+  +  +  +  +  +  +  +  +  +
|vv vv vv vv vv vv vv vv vv|
|vv vv vv vv vv vv vv vv vv|
+  +  +  +  +  +  +  +  +  +
|<< << <R << << << << << <<|
|<< << << << << << << << <<|
+  +  +  +  +  +  +  +  +  +
|                          |
|                          |
+  +  +  +  +  +  +  +  +  +
|             @            |
|               C          |
+--+--+--+--+--+--+--+--+--+

!C:  r, R:  r!
+--+--+--+--+--+--+--+--+--+
|       $  $  $  $  $      |
|                          |
+  +  +  +  +  +  +  +  +  +
|    $  $  $  $  $  $  $   |
|                          |
+  +  +  +  +  +  +  +  +  +
|>> >> >> >> >> >> >> >> >>|
|>> >> >> >> >> >> >> >> >>|
+  +  +  +  +  +  +  +  +  +
|vv vv vv vv vv vv vv vv vv|
|vv vv vv vv vv vv vv vv vv|
+  +  +  +  +  +  +  +  +  +
|<< << << << << << << << <<|
|<< <R << << << << << << <<|
+  +  +  +  +  +  +  +  +  +
|                          |
|                          |
+  +  +  +  +  +  +  +  +  +
|             @ C          |
|                          |
+--+--+--+--+--+--+--+--+--+

!C:  1, R:  speed!
+--+--+--+--+--+--+--+--+--+
|       $  $  $  $  $      |
|                          |
+  +  +  +  +  +  +  +  +  +
|    $  $  $  $  $  $  $   |
|                          |
+  +  +  +  +  +  +  +  +  +
|>> >> >> >> >> >> >> >> >>|
|>> >> >> >> >> >> >> >> >>|
+  +  +  +  +  +  +  +  +  +
|vv vv vv vv vv vv vv vv vv|
|vv vv vv vv vv vv vv vv vv|
+  +  +  +  +  +  +  +  +  +
|<< << << << << << << << <<|
|<R << << << << << << << <<|
+  +  +  +  +  +  +  +  +  +
|                          |
|                          |
+  +  +  +  +  +  +  +  +  +
|            c@            |
|                          |
+--+--+--+--+--+--+--+--+--+
!6:  c:spin:1, R:speed:0!

move 1|1|2|2|2|3|3|L|Rx4 1|1|2|2|2|3|3|L|R|balance|speed|maneuver|spin?
move 1 R 2 R balance
Your robot cannot make those moves.
move 1 R 1 R balance
Your robot cannot make those moves.
move 1 1 1 1 balance
Your robot cannot make those moves.
move 3 L 1 R L
Your robot cannot make those moves.
move 1 L 1 R 1
Your robot cannot make those moves.
move 1 1 L 1 R
Your robot cannot make those moves.
move R R R R R
Your robot cannot make those moves.
move L R R R L
Your robot cannot make those moves.
move 1 1 R R L

Your robot cannot make those moves.
Malformed command:  
move 1 1 L R L
Your robot cannot make those moves.
move 3 L 2 R balance

!R:  3, c:  1!
+--+--+--+--+--+--+--+--+--+
|       $  $  $  $  $      |
|                          |
+  +  +  +  +  +  +  +  +  +
|    $  $  $  $  $  $  $   |
|                          |
+  +  +  +  +  +  +  +  +  +
|>> >> >> >> >> >> >> >> >>|
|>> >> >> >> >> >> >> >> >>|
+  +  +  +  +  +  +  +  +  +
|vv vv vv vv vv vv vv vv vv|
|vv vv vv vv vv vv vv vv vv|
+  +  +  +  +  +  +  +  +  +
|<< << << << << << << << <<|
|<< << <R << << << << << <<|
+  +  +  +  +  +  +  +  +  +
|                          |
|                          |
+  +  +  +  +  +  +  +  +  +
|         c   @            |
|                          |
+--+--+--+--+--+--+--+--+--+

!R:  l, c:  r!
+--+--+--+--+--+--+--+--+--+
|       $  $  $  $  $      |
|                          |
+  +  +  +  +  +  +  +  +  +
|    $  $  $  $  $  $  $   |
|                          |
+  +  +  +  +  +  +  +  +  +
|>> >> >> >> >> >> >> >> >>|
|>> >> >> >> >> >> >> >> >>|
+  +  +  +  +  +  +  +  +  +
|vv vv vv vv vv vv vv vv vv|
|vv vv vv vv vv vv vv vv vv|
+  +  +  +  +  +  +  +  +  +
|<< <R << << << << << << <<|
|<< << << << << << << << <<|
+  +  +  +  +  +  +  +  +  +
|                          |
|                          |
+  +  +  +  +  +  +  +  +  +
|          c  @            |
|                          |
+--+--+--+--+--+--+--+--+--+

!R:  2, c:  3!
+--+--+--+--+--+--+--+--+--+
|       $  $  $  $  $      |
|                          |
+  +  +  +  +  +  +  +  +  +
|    $  $  $  $  $  $  $   |
|                          |
+  +  +  +  +  +  +  +  +  +
|>> >> >R >> >> >> >> >> >>|
|>> >> >> >> >> >> >> >> >>|
+  +  +  +  +  +  +  +  +  +
|vv vv vv vv vv vv vv vv vv|
|vv vv vv vv vv vv vv vv vv|
+  +  +  +  +  +  +  +  +  +
|<< << << << << << << << <<|
|<< << << <c << << << << <<|
+  +  +  +  +  +  +  +  +  +
|                          |
|                          |
+  +  +  +  +  +  +  +  +  +
|             @            |
|                          |
+--+--+--+--+--+--+--+--+--+

!R:  r, c:  1!
+--+--+--+--+--+--+--+--+--+
|       $  $  $  $  $      |
|                          |
+  +  +  +  +  +  +  +  +  +
|    $  $  $  $  $  $  $   |
|                          |
+  +  +  +  +  +  +  +  +  +
|>> >> >> >> >> >> >> >> >>|
|>> >> >> >R >> >> >> >> >>|
+  +  +  +  +  +  +  +  +  +
|vv vv vv vv vv vv vv vv vv|
|vv vv vv vv vv vv vv vv vv|
+  +  +  +  +  +  +  +  +  +
|<< << << << << << << << <<|
|<< << << <c << << << << <<|
+  +  +  +  +  +  +  +  +  +
|                          |
|                          |
+  +  +  +  +  +  +  +  +  +
|             @            |
|                          |
+--+--+--+--+--+--+--+--+--+

!R:  balance, c:  spin!
+--+--+--+--+--+--+--+--+--+
|       $  $  $  $  $      |
|                          |
+  +  +  +  +  +  +  +  +  +
|    $  $  $  $  $  $  $   |
|                          |
+  +  +  +  +  +  +  +  +  +
|>> >> >> >> >> >> >> >> >>|
|>> >> >> >> >R >> >> >> >>|
+  +  +  +  +  +  +  +  +  +
|vv vv vv vv vv vv vv vv vv|
|vv vv vv vv vv vv vv vv vv|
+  +  +  +  +  +  +  +  +  +
|<< << << << << << << << <<|
|<< << <c << << << << << <<|
+  +  +  +  +  +  +  +  +  +
|                          |
|                          |
+  +  +  +  +  +  +  +  +  +
|             @            |
|                          |
+--+--+--+--+--+--+--+--+--+
!7:  R:balance:0, c:spin:1!

move 1|1|2|2|3|L|L|R|Rx4 1|1|2|2|3|L|L|R|R|balance|speed|maneuver|spin?
move 3 L 3 L L
Your robot cannot make those moves.
move 3 L 3 R L
Your robot cannot make those moves.
move 1 L 1 R spin

!c:  r, R:  1!
+--+--+--+--+--+--+--+--+--+
|       $  $  $  $  $      |
|                          |
+  +  +  +  +  +  +  +  +  +
|    $  $  $  $  $  $  $   |
|                          |
+  +  +  +  +  +  +  +  +  +
|>> >> >> >> >> >> >> >> >>|
|>> >> >> >> >> >> >R >> >>|
+  +  +  +  +  +  +  +  +  +
|vv vv vv vv vv vv vv vv vv|
|vv vv vv vv vv vv vv vv vv|
+  +  +  +  +  +  +  +  +  +
|<< << << << << << << << <<|
|<< c< << << << << << << <<|
+  +  +  +  +  +  +  +  +  +
|                          |
|                          |
+  +  +  +  +  +  +  +  +  +
|             @            |
|                          |
+--+--+--+--+--+--+--+--+--+

!c:  1, R:  l!
+--+--+--+--+--+--+--+--+--+
|       $  $  $  $  $      |
|                          |
+  +  +  +  +  +  +  +  +  +
|    $  $  $  $  $  $  $   |
|                          |
+  +  +  +  +  +  +  +  +  +
|>> >> >> >> >> >> >> >R >>|
|>> >> >> >> >> >> >> >> >>|
+  +  +  +  +  +  +  +  +  +
|vv vv vv vv vv vv vv vv vv|
|vv vv vv vv vv vv vv vv vv|
+  +  +  +  +  +  +  +  +  +
|<< << << << << << << << <<|
|<< << << << << << << << <<|
+  +  +  +  +  +  +  +  +  +
|                          |
|   c                      |
+  +  +  +  +  +  +  +  +  +
|             @            |
|                          |
+--+--+--+--+--+--+--+--+--+

!c:  3, R:  1!
+--+--+--+--+--+--+--+--+--+
|       $  $  $  $  $      |
|                          |
+  +  +  +  +  +  +  +  +  +
|    $  $  $  $  $  $  R   |
|                      $   |
+  +  +  +  +  +  +  +  +  +
|>> >> >> >> >> >> >> >> >>|
|>> >> >> >> >> >> >> >> >>|
+  +  +  +  +  +  +  +  +  +
|vv vv vv vv vv vv vv vv vv|
|vv vv vv vv vv vv vv vv vv|
+  +  +  +  +  +  +  +  +  +
|<< << << << << << << << <<|
|<< << << << << << << << <<|
+  +  +  +  +  +  +  +  +  +
|                          |
|                          |
+  +  +  +  +  +  +  +  +  +
|             @            |
|   c                      |
+--+--+--+--+--+--+--+--+--+

!c:  2, R:  r!
+--+--+--+--+--+--+--+--+--+
|       $  $  $  $  $      |
|                          |
+  +  +  +  +  +  +  +  +  +
|    $  $  $  $  $  $  $   |
|                      R   |
+  +  +  +  +  +  +  +  +  +
|>> >> >> >> >> >> >> >> >>|
|>> >> >> >> >> >> >> >> >>|
+  +  +  +  +  +  +  +  +  +
|vv vv vv vv vv vv vv vv vv|
|vv vv vv vv vv vv vv vv vv|
+  +  +  +  +  +  +  +  +  +
|<< << << << << << << << <<|
|<< << << << << << << << <<|
+  +  +  +  +  +  +  +  +  +
|                          |
|                          |
+  +  +  +  +  +  +  +  +  +
|             @            |
|   c                      |
+--+--+--+--+--+--+--+--+--+

!c:  1, R:  spin!
+--+--+--+--+--+--+--+--+--+
|       $  $  $  $  $      |
|                          |
+  +  +  +  +  +  +  +  +  +
|    $  $  $  $  $  $  $   |
|                      R   |
+  +  +  +  +  +  +  +  +  +
|>> >> >> >> >> >> >> >> >>|
|>> >> >> >> >> >> >> >> >>|
+  +  +  +  +  +  +  +  +  +
|vv vv vv vv vv vv vv vv vv|
|vv vv vv vv vv vv vv vv vv|
+  +  +  +  +  +  +  +  +  +
|<< << << << << << << << <<|
|<< << << << << << << << <<|
+  +  +  +  +  +  +  +  +  +
|                          |
|                          |
+  +  +  +  +  +  +  +  +  +
|             @            |
|   c                      |
+--+--+--+--+--+--+--+--+--+
!8:  c:spin:1, R:spin:0!

move 1|1|2|3|R|R|R|R|Rx4 1|1|2|3|R|R|R|R|R|balance|speed|maneuver|spin?
move 1 1 2 3 spin

!R:  1, c:  1!
+--+--+--+--+--+--+--+--+--+
|       $  $  $  $  $      |
|                          |
+  +  +  +  +  +  +  +  +  +
|    $  $  $  $  $  $  $   |
|                         R|
+  +  +  +  +  +  +  +  +  +
|>> >> >> >> >> >> >> >> >>|
|>> >> >> >> >> >> >> >> >>|
+  +  +  +  +  +  +  +  +  +
|vv vv vv vv vv vv vv vv vv|
|vv vv vv vv vv vv vv vv vv|
+  +  +  +  +  +  +  +  +  +
|<< << << << << << << << <<|
|<< << << << << << << << <<|
+  +  +  +  +  +  +  +  +  +
|                          |
|                          |
+  +  +  +  +  +  +  +  +  +
|             @            |
|   c                      |
+--+--+--+--+--+--+--+--+--+

!R:  1, c:  r!
+--+--+--+--+--+--+--+--+--+
|       $  $  $  $  $      |
|                          |
+  +  +  +  +  +  +  +  +  +
|    $  $  $  $  $  $  $   |
|                         R|
+  +  +  +  +  +  +  +  +  +
|>> >> >> >> >> >> >> >> >>|
|>> >> >> >> >> >> >> >> >>|
+  +  +  +  +  +  +  +  +  +
|vv vv vv vv vv vv vv vv vv|
|vv vv vv vv vv vv vv vv vv|
+  +  +  +  +  +  +  +  +  +
|<< << << << << << << << <<|
|<< << << << << << << << <<|
+  +  +  +  +  +  +  +  +  +
|                          |
|                          |
+  +  +  +  +  +  +  +  +  +
|   c         @            |
|                          |
+--+--+--+--+--+--+--+--+--+

!R:  2, c:  2!
+--+--+--+--+--+--+--+--+--+
|       $  $  $  $  $      |
|                          |
+  +  +  +  +  +  +  +  +  +
|    $  $  $  $  $  $  $   |
|                         R|
+  +  +  +  +  +  +  +  +  +
|>> >> >> >> >> >> >> >> >>|
|>> >> >> >> >> >> >> >> >>|
+  +  +  +  +  +  +  +  +  +
|vv vv vv vv vv vv vv vv vv|
|vv vv vv vv vv vv vv vv vv|
+  +  +  +  +  +  +  +  +  +
|<< << << << << << << << <<|
|<< << << << << << << << <<|
+  +  +  +  +  +  +  +  +  +
|                          |
|                          |
+  +  +  +  +  +  +  +  +  +
|c            @            |
|                          |
+--+--+--+--+--+--+--+--+--+

!R:  3, c:  3!
+--+--+--+--+--+--+--+--+--+
|       $  $  $  $  $      |
|                          |
+  +  +  +  +  +  +  +  +  +
|    $  $  $  $  $  $  $   |
|                         R|
+  +  +  +  +  +  +  +  +  +
|>> >> >> >> >> >> >> >> >>|
|>> >> >> >> >> >> >> >> >>|
+  +  +  +  +  +  +  +  +  +
|vv vv vv vv vv vv vv vv vv|
|vv vv vv vv vv vv vv vv vv|
+  +  +  +  +  +  +  +  +  +
|<< << << << << << << << <<|
|<< << << << << << << << <<|
+  +  +  +  +  +  +  +  +  +
|                          |
|                          |
+  +  +  +  +  +  +  +  +  +
|c            @            |
|                          |
+--+--+--+--+--+--+--+--+--+

!R:  spin, c:  speed!
+--+--+--+--+--+--+--+--+--+
|       $  $  $  $  $      |
|                          |
+  +  +  +  +  +  +  +  +  +
|    $  $  $  $  $  $  $   |
|                         R|
+  +  +  +  +  +  +  +  +  +
|>> >> >> >> >> >> >> >> >>|
|>> >> >> >> >> >> >> >> >>|
+  +  +  +  +  +  +  +  +  +
|vv vv vv vv vv vv vv vv vv|
|vv vv vv vv vv vv vv vv vv|
+  +  +  +  +  +  +  +  +  +
|<< << << << << << << << <<|
|<< << << << << << << << <<|
+  +  +  +  +  +  +  +  +  +
|                          |
|                          |
+  +  +  +  +  +  +  +  +  +
|c            @            |
|                          |
+--+--+--+--+--+--+--+--+--+
!9:  R:spin:0, c:speed:1!

move 1|1|2|3|R|R|R|R|Rx4 1|1|2|3|R|R|R|R|R|balance|speed|maneuver|spin?
move 3 2 1 L speed
Your robot cannot make those moves.
move 3 2 1 R 1
Your moves will run when your opponent submits their moves.
