! BATTLE COBOT #01DE22 vs. The Ruby Resistance (eregon) !

! BEGIN_MAP !
+--+--+--+--+--+--+--+--+--+
|    $  $  $  $  $  $  $ r |
| c                        |
+  +  +  +  +  +  +  +  +  +
|    $  $  $  $  $  $  $   |
|                          |
+  +  +  +  +  +  +  +  +  +
|>> >> >> >> >> >> >> >> >>|
|>> >> >> >> >> >> >> >> >>|
+  +  +  +  +  +  +  +  +  +
|vv vv vv vv vv vv vv vv vv|
|vv vv vv vv vv vv vv vv vv|
+  +  +  +  +  +  +  +  +  +
|<< << << << << << << << <<|
|<< << << << << << << << <<|
+  +  +  +  +  +  +  +  +  +
|                          |
|                          |
+  +  +  +  +  +  +  +  +  +
|             @            |
|                          |
+--+--+--+--+--+--+--+--+--+
! END_MAP !
! TURN 0 c:balance:0 r:balance:0 !
! PROGRAM moves:1|1|2|2|3|L|L|R|R modes:balance|maneuver|speed|spin !

? move MOVE_1 MOVE_2 MOVE_3 MOVE_4 MOVE_5|MODE ?
move L 3 2 L 1
Your moves will run when your opponent submits their moves.

! MOVES c:1 r:l !
! BEGIN_MAP !
+--+--+--+--+--+--+--+--+--+
|       $  $  $  $  $  $   |
|    C                   r |
+  +  +  +  +  +  +  +  +  +
|    $  $  $  $  $  $  $   |
|                          |
+  +  +  +  +  +  +  +  +  +
|>> >> >> >> >> >> >> >> >>|
|>> >> >> >> >> >> >> >> >>|
+  +  +  +  +  +  +  +  +  +
|vv vv vv vv vv vv vv vv vv|
|vv vv vv vv vv vv vv vv vv|
+  +  +  +  +  +  +  +  +  +
|<< << << << << << << << <<|
|<< << << << << << << << <<|
+  +  +  +  +  +  +  +  +  +
|                          |
|                          |
+  +  +  +  +  +  +  +  +  +
|             @            |
|                          |
+--+--+--+--+--+--+--+--+--+
! END_MAP !

! MOVES C:1 r:3 !
! BEGIN_MAP !
+--+--+--+--+--+--+--+--+--+
|       $  $  $  $  $  $   |
|       C                  |
+  +  +  +  +  +  +  +  +  +
|    $  $  $  $  $  $  $   |
|                          |
+  +  +  +  +  +  +  +  +  +
|>> >> >> >> >> >> >> >> >>|
|>> >> >> >> >> >> >> >> >>|
+  +  +  +  +  +  +  +  +  +
|vv vv vv vv vv vv vv vv vv|
|vv vv vv vv vv vv vv vv vv|
+  +  +  +  +  +  +  +  +  +
|<< << << << << << << << r<|
|<< << << << << << << << <<|
+  +  +  +  +  +  +  +  +  +
|                          |
|                          |
+  +  +  +  +  +  +  +  +  +
|             @            |
|                          |
+--+--+--+--+--+--+--+--+--+
! END_MAP !

! MOVES C:l r:2 !
! BEGIN_MAP !
+--+--+--+--+--+--+--+--+--+
|       C  $  $  $  $  $   |
|       $                  |
+  +  +  +  +  +  +  +  +  +
|    $  $  $  $  $  $  $   |
|                          |
+  +  +  +  +  +  +  +  +  +
|>> >> >> >> >> >> >> >> >>|
|>> >> >> >> >> >> >> >> >>|
+  +  +  +  +  +  +  +  +  +
|vv vv vv vv vv vv vv vv vv|
|vv vv vv vv vv vv vv vv vv|
+  +  +  +  +  +  +  +  +  +
|<< << << << << r< << << <<|
|<< << << << << << << << <<|
+  +  +  +  +  +  +  +  +  +
|                          |
|                          |
+  +  +  +  +  +  +  +  +  +
|             @            |
|                          |
+--+--+--+--+--+--+--+--+--+
! END_MAP !

! MOVES C:r r:l !
! BEGIN_MAP !
+--+--+--+--+--+--+--+--+--+
|       $  $  $  $  $  $   |
|       C                  |
+  +  +  +  +  +  +  +  +  +
|    $  $  $  $  $  $  $   |
|                          |
+  +  +  +  +  +  +  +  +  +
|>> >> >> >> >> >> >> >> >>|
|>> >> >> >> >> >> >> >> >>|
+  +  +  +  +  +  +  +  +  +
|vv vv vv vv vv vv vv vv vv|
|vv vv vv vv vv vv vv vv vv|
+  +  +  +  +  +  +  +  +  +
|<< << << << << << << << <<|
|<< << << << r< << << << <<|
+  +  +  +  +  +  +  +  +  +
|                          |
|                          |
+  +  +  +  +  +  +  +  +  +
|             @            |
|                          |
+--+--+--+--+--+--+--+--+--+
! END_MAP !

! MOVES C:l r:1 !
! BEGIN_MAP !
+--+--+--+--+--+--+--+--+--+
|       C  $  $  $  $  $   |
|       $                  |
+  +  +  +  +  +  +  +  +  +
|    $  $  $  $  $  $  $   |
|                          |
+  +  +  +  +  +  +  +  +  +
|>> >> >> >> >> >> >> >> >>|
|>> >> >> >> >> >> >> >> >>|
+  +  +  +  +  +  +  +  +  +
|vv vv vv vv vv vv vv vv vv|
|vv vv vv vv vv vv vv vv vv|
+  +  +  +  +  +  +  +  +  +
|<< << << << << << << << <<|
|<< << << << << << << << <<|
+  +  +  +  +  +  +  +  +  +
|                          |
|            r             |
+  +  +  +  +  +  +  +  +  +
|             @            |
|                          |
+--+--+--+--+--+--+--+--+--+
! END_MAP !
! TURN 1 C:balance:0 r:balance:0 !
! PROGRAM moves:1|1|2|2|3|L|L|R|R modes:balance|maneuver|speed|spin !

? move MOVE_1 MOVE_2 MOVE_3 MOVE_4 MOVE_5|MODE ?
move 1 L R L R
Your moves will run when your opponent submits their moves.

! MOVES r:1 C:l !
! BEGIN_MAP !
+--+--+--+--+--+--+--+--+--+
|      C$  $  $  $  $  $   |
|                          |
+  +  +  +  +  +  +  +  +  +
|    $  $  $  $  $  $  $   |
|                          |
+  +  +  +  +  +  +  +  +  +
|>> >> >> >> >> >> >> >> >>|
|>> >> >> >> >> >> >> >> >>|
+  +  +  +  +  +  +  +  +  +
|vv vv vv vv vv vv vv vv vv|
|vv vv vv vv vv vv vv vv vv|
+  +  +  +  +  +  +  +  +  +
|<< << << << << << << << <<|
|<< << << << << << << << <<|
+  +  +  +  +  +  +  +  +  +
|                          |
|                          |
+  +  +  +  +  +  +  +  +  +
|             @            |
|            r             |
+--+--+--+--+--+--+--+--+--+
! END_MAP !

! MOVES r:l C:l !
! BEGIN_MAP !
+--+--+--+--+--+--+--+--+--+
|       $  $  $  $  $  $   |
|      C                   |
+  +  +  +  +  +  +  +  +  +
|    $  $  $  $  $  $  $   |
|                          |
+  +  +  +  +  +  +  +  +  +
|>> >> >> >> >> >> >> >> >>|
|>> >> >> >> >> >> >> >> >>|
+  +  +  +  +  +  +  +  +  +
|vv vv vv vv vv vv vv vv vv|
|vv vv vv vv vv vv vv vv vv|
+  +  +  +  +  +  +  +  +  +
|<< << << << << << << << <<|
|<< << << << << << << << <<|
+  +  +  +  +  +  +  +  +  +
|                          |
|                          |
+  +  +  +  +  +  +  +  +  +
|             @            |
|             r            |
+--+--+--+--+--+--+--+--+--+
! END_MAP !

! MOVES r:r C:2 !
! BEGIN_MAP !
+--+--+--+--+--+--+--+--+--+
|       $  $  $  $  $  $   |
|                          |
+  +  +  +  +  +  +  +  +  +
|    $  $  $  $  $  $  $   |
|                          |
+  +  +  +  +  +  +  +  +  +
|>> >> >> >> >> >> >> >> >>|
|>> >> >> C> >> >> >> >> >>|
+  +  +  +  +  +  +  +  +  +
|vv vv vv vv vv vv vv vv vv|
|vv vv vv vv vv vv vv vv vv|
+  +  +  +  +  +  +  +  +  +
|<< << << << << << << << <<|
|<< << << << << << << << <<|
+  +  +  +  +  +  +  +  +  +
|                          |
|                          |
+  +  +  +  +  +  +  +  +  +
|             @            |
|            r             |
+--+--+--+--+--+--+--+--+--+
! END_MAP !

! MOVES r:l C:1 !
! BEGIN_MAP !
+--+--+--+--+--+--+--+--+--+
|       $  $  $  $  $  $   |
|                          |
+  +  +  +  +  +  +  +  +  +
|    $  $  $  $  $  $  $   |
|                          |
+  +  +  +  +  +  +  +  +  +
|>> >> >> >> >> >> >> >> >>|
|>> >> >> >> >> >> >> >> >>|
+  +  +  +  +  +  +  +  +  +
|vv vv vv vv vv vv vv vv vv|
|vv vv vv vv vv vv vv vv vv|
+  +  +  +  +  +  +  +  +  +
|<< << << C< << << << << <<|
|<< << << << << << << << <<|
+  +  +  +  +  +  +  +  +  +
|                          |
|                          |
+  +  +  +  +  +  +  +  +  +
|             @            |
|             r            |
+--+--+--+--+--+--+--+--+--+
! END_MAP !

! MOVES r:r C:spin !
! BEGIN_MAP !
+--+--+--+--+--+--+--+--+--+
|       $  $  $  $  $  $   |
|                          |
+  +  +  +  +  +  +  +  +  +
|    $  $  $  $  $  $  $   |
|                          |
+  +  +  +  +  +  +  +  +  +
|>> >> >> >> >> >> >> >> >>|
|>> >> >> >> >> >> >> >> >>|
+  +  +  +  +  +  +  +  +  +
|vv vv vv vv vv vv vv vv vv|
|vv vv vv vv vv vv vv vv vv|
+  +  +  +  +  +  +  +  +  +
|<< << C< << << << << << <<|
|<< << << << << << << << <<|
+  +  +  +  +  +  +  +  +  +
|                          |
|                          |
+  +  +  +  +  +  +  +  +  +
|             @            |
|            r             |
+--+--+--+--+--+--+--+--+--+
! END_MAP !
! TURN 2 r:balance:0 C:spin:0 !
! PROGRAM moves:1|1|2|2|3|L|L|R|R modes:balance|maneuver|speed|spin !

? move MOVE_1 MOVE_2 MOVE_3 MOVE_4 MOVE_5|MODE ?
move R L R L spin
Your moves will run when your opponent submits their moves.
! WINNER eregon (oppenent left) !
