! BATTLE The Ruby Resistance (eregon) vs. COBOT #02CD7C !

! BEGIN_MAP !
+--+--+--+--+--+--+--+--+--+--+--+--+--+--+--+--+--+--+--+--+--+
| $                                                           $|
|               c                                r             |
+  +  +  +  +  +  +  +  +  +  +  +  +  +  +  +  +  +  +  +  +  +
|                               $                              |
|                                                              |
+  +  +--+--+  +  +  +  +  +--+--+--+  +  +  +  +  +--+--+  +  +
|          $|            vv          vv            | $         |
|           |            vv          vv            |           |
+  +  +  +  +  +  +  +  +  +  +  +  +  +  +  +  +  +  +  +  +  +
|           |            vv          vv            |           |
|           |            vv          vv            |           |
+  +  +  +  +  +  +  +  +  +  +  +  +  +  +  +  +  +  +  +  +  +
|         >> >> >> >> ## ##     @    ## ## << << << <<         |
|         >> >> >> >> ## ##          ## ## << << << <<         |
+  +  +  +  +  +  +  +  +  +  +  +  +  +  +  +  +  +  +  +  +  +
|                        ^^          ^^                        |
|                        ^^          ^^                        |
+  +  +--+--+  +  +  +  +  +  +  +  +  +  +  +  +  +--+--+  +  +
|          $|            ^^          ^^            | $         |
|           |            ^^          ^^            |           |
+  +  +  +  +  +  +  +  +  +--+--+--+  +  +  +  +  +  +  +  +  +
|           |            ^^     $    ^^            |           |
|           |            ^^          ^^            |           |
+  +  +  +  +  +  +  +  +  +  +  +  +  +  +  +  +  +  +  +  +  +
| $       >> >> >> >>                      << << << <<        $|
|         >> >> >> >>                      << << << <<         |
+--+--+--+--+--+--+--+--+--+--+--+--+--+--+--+--+--+--+--+--+--+
! END_MAP !
! TURN 0 r:balance:0 c:balance:0 !
! PROGRAM moves:1|1|2|2|3|L|L|R|R modes:balance|maneuver|speed|spin !

? move MOVE_1 MOVE_2 MOVE_3 MOVE_4 MOVE_5|MODE ?
move 2 L 2 R spin 
Your moves will run when your opponent submits their moves.

! MOVES r:2 c:1 !
! BEGIN_MAP !
+--+--+--+--+--+--+--+--+--+--+--+--+--+--+--+--+--+--+--+--+--+
| $                                                           $|
|                                                              |
+  +  +  +  +  +  +  +  +  +  +  +  +  +  +  +  +  +  +  +  +  +
|                               $                              |
|               c                                              |
+  +  +--+--+  +  +  +  +  +--+--+--+  +  +  +  +  +--+--+  +  +
|          $|            vv          vv            | $         |
|           |            vv          vv          r |           |
+  +  +  +  +  +  +  +  +  +  +  +  +  +  +  +  +  +  +  +  +  +
|           |            vv          vv            |           |
|           |            vv          vv            |           |
+  +  +  +  +  +  +  +  +  +  +  +  +  +  +  +  +  +  +  +  +  +
|         >> >> >> >> ## ##     @    ## ## << << << <<         |
|         >> >> >> >> ## ##          ## ## << << << <<         |
+  +  +  +  +  +  +  +  +  +  +  +  +  +  +  +  +  +  +  +  +  +
|                        ^^          ^^                        |
|                        ^^          ^^                        |
+  +  +--+--+  +  +  +  +  +  +  +  +  +  +  +  +  +--+--+  +  +
|          $|            ^^          ^^            | $         |
|           |            ^^          ^^            |           |
+  +  +  +  +  +  +  +  +  +--+--+--+  +  +  +  +  +  +  +  +  +
|           |            ^^     $    ^^            |           |
|           |            ^^          ^^            |           |
+  +  +  +  +  +  +  +  +  +  +  +  +  +  +  +  +  +  +  +  +  +
| $       >> >> >> >>                      << << << <<        $|
|         >> >> >> >>                      << << << <<         |
+--+--+--+--+--+--+--+--+--+--+--+--+--+--+--+--+--+--+--+--+--+
! END_MAP !

! MOVES r:l c:1 !
! BEGIN_MAP !
+--+--+--+--+--+--+--+--+--+--+--+--+--+--+--+--+--+--+--+--+--+
| $                                                           $|
|                                                              |
+  +  +  +  +  +  +  +  +  +  +  +  +  +  +  +  +  +  +  +  +  +
|                               $                              |
|                                                              |
+  +  +--+--+  +  +  +  +  +--+--+--+  +  +  +  +  +--+--+  +  +
|          $|            vv          vv            | $         |
|           |   c        vv          vv           r|           |
+  +  +  +  +  +  +  +  +  +  +  +  +  +  +  +  +  +  +  +  +  +
|           |            vv          vv            |           |
|           |            vv          vv            |           |
+  +  +  +  +  +  +  +  +  +  +  +  +  +  +  +  +  +  +  +  +  +
|         >> >> >> >> ## ##     @    ## ## << << << <<         |
|         >> >> >> >> ## ##          ## ## << << << <<         |
+  +  +  +  +  +  +  +  +  +  +  +  +  +  +  +  +  +  +  +  +  +
|                        ^^          ^^                        |
|                        ^^          ^^                        |
+  +  +--+--+  +  +  +  +  +  +  +  +  +  +  +  +  +--+--+  +  +
|          $|            ^^          ^^            | $         |
|           |            ^^          ^^            |           |
+  +  +  +  +  +  +  +  +  +--+--+--+  +  +  +  +  +  +  +  +  +
|           |            ^^     $    ^^            |           |
|           |            ^^          ^^            |           |
+  +  +  +  +  +  +  +  +  +  +  +  +  +  +  +  +  +  +  +  +  +
| $       >> >> >> >>                      << << << <<        $|
|         >> >> >> >>                      << << << <<         |
+--+--+--+--+--+--+--+--+--+--+--+--+--+--+--+--+--+--+--+--+--+
! END_MAP !

! MOVES r:2 c:2 !
! BEGIN_MAP !
+--+--+--+--+--+--+--+--+--+--+--+--+--+--+--+--+--+--+--+--+--+
| $                                                           $|
|                                                              |
+  +  +  +  +  +  +  +  +  +  +  +  +  +  +  +  +  +  +  +  +  +
|                               $                              |
|                                                              |
+  +  +--+--+  +  +  +  +  +--+--+--+  +  +  +  +  +--+--+  +  +
|          $|            vv          vv            | $         |
|           |            vv          vv           r|           |
+  +  +  +  +  +  +  +  +  +  +  +  +  +  +  +  +  +  +  +  +  +
|           |            vv          vv            |           |
|           |            vv          vv            |           |
+  +  +  +  +  +  +  +  +  +  +  +  +  +  +  +  +  +  +  +  +  +
|         >> >> >> >> ## ##     @    ## ## << << << <<         |
|         >> >> >> c> ## ##          ## ## << << << <<         |
+  +  +  +  +  +  +  +  +  +  +  +  +  +  +  +  +  +  +  +  +  +
|                        ^^          ^^                        |
|                        ^^          ^^                        |
+  +  +--+--+  +  +  +  +  +  +  +  +  +  +  +  +  +--+--+  +  +
|          $|            ^^          ^^            | $         |
|           |            ^^          ^^            |           |
+  +  +  +  +  +  +  +  +  +--+--+--+  +  +  +  +  +  +  +  +  +
|           |            ^^     $    ^^            |           |
|           |            ^^          ^^            |           |
+  +  +  +  +  +  +  +  +  +  +  +  +  +  +  +  +  +  +  +  +  +
| $       >> >> >> >>                      << << << <<        $|
|         >> >> >> >>                      << << << <<         |
+--+--+--+--+--+--+--+--+--+--+--+--+--+--+--+--+--+--+--+--+--+
! END_MAP !

! MOVES r:r c:2 !
! BEGIN_MAP !
+--+--+--+--+--+--+--+--+--+--+--+--+--+--+--+--+--+--+--+--+--+
| $                                                           $|
|                                                              |
+  +  +  +  +  +  +  +  +  +  +  +  +  +  +  +  +  +  +  +  +  +
|                               $                              |
|                                                              |
+  +  +--+--+  +  +  +  +  +--+--+--+  +  +  +  +  +--+--+  +  +
|          $|            vv          vv            | $         |
|           |            vv          vv          r |           |
+  +  +  +  +  +  +  +  +  +  +  +  +  +  +  +  +  +  +  +  +  +
|           |            vv          vv            |           |
|           |            vv          vv            |           |
+  +  +  +  +  +  +  +  +  +  +  +  +  +  +  +  +  +  +  +  +  +
|         >> >> >> >> ## ##     @    ## ## << << << <<         |
|         >> >> >> >> ## ##          ## ## << << << <<         |
+  +  +  +  +  +  +  +  +  +  +  +  +  +  +  +  +  +  +  +  +  +
|                        ^^          ^^                        |
|                        ^^          ^^                        |
+  +  +--+--+  +  +  +  +  +  +  +  +  +  +  +  +  +--+--+  +  +
|          $|            ^^          ^^            | $         |
|           |      c     ^^          ^^            |           |
+  +  +  +  +  +  +  +  +  +--+--+--+  +  +  +  +  +  +  +  +  +
|           |            ^^     $    ^^            |           |
|           |            ^^          ^^            |           |
+  +  +  +  +  +  +  +  +  +  +  +  +  +  +  +  +  +  +  +  +  +
| $       >> >> >> >>                      << << << <<        $|
|         >> >> >> >>                      << << << <<         |
+--+--+--+--+--+--+--+--+--+--+--+--+--+--+--+--+--+--+--+--+--+
! END_MAP !

! MOVES r:spin c:3 !
! BEGIN_MAP !
+--+--+--+--+--+--+--+--+--+--+--+--+--+--+--+--+--+--+--+--+--+
| $                                                           $|
|                                                              |
+  +  +  +  +  +  +  +  +  +  +  +  +  +  +  +  +  +  +  +  +  +
|                               $                              |
|                                                              |
+  +  +--+--+  +  +  +  +  +--+--+--+  +  +  +  +  +--+--+  +  +
|          $|            vv          vv            | $         |
|           |            vv          vv          r |           |
+  +  +  +  +  +  +  +  +  +  +  +  +  +  +  +  +  +  +  +  +  +
|           |            vv          vv            |           |
|           |            vv          vv            |           |
+  +  +  +  +  +  +  +  +  +  +  +  +  +  +  +  +  +  +  +  +  +
|         >> >> >> >> ## ##     @    ## ## << << << <<         |
|         >> >> >> >> ## ##          ## ## << << << <<         |
+  +  +  +  +  +  +  +  +  +  +  +  +  +  +  +  +  +  +  +  +  +
|                        ^^          ^^                        |
|                        ^^          ^^                        |
+  +  +--+--+  +  +  +  +  +  +  +  +  +  +  +  +  +--+--+  +  +
|          $|            ^^          ^^            | $         |
|           |            ^^          ^^            |           |
+  +  +  +  +  +  +  +  +  +--+--+--+  +  +  +  +  +  +  +  +  +
|           |            ^^     $    ^^            |           |
|           |            ^^          ^^            |           |
+  +  +  +  +  +  +  +  +  +  +  +  +  +  +  +  +  +  +  +  +  +
| $       >> >> >> >>                      << << << <<        $|
|         >> >> >> >> c                    << << << <<         |
+--+--+--+--+--+--+--+--+--+--+--+--+--+--+--+--+--+--+--+--+--+
! END_MAP !
! TURN 1 r:spin:0 c:balance:0 !
! PROGRAM moves:1|1|2|3|R|R|R|R|R modes:balance|maneuver|speed|spin !

