! BATTLE COBOT #DF9728 vs. The Ruby Resistance (eregon) !

! BEGIN_MAP !
+  +  +  +  +  +  +  +  +  +
        $     $     $       
                            
+  +  +  +  +  +  +  +  +  +
     $     $     $     $    
                            
+  +  +  +  +  +  +  +  +  +
 >> >> >> ## ## ## << << << 
 >> >> >> ## ## ## << << << 
+  +  +--+  +  +  +--+  +  +
 ^^ ^^ ^^ ^^ ^^ ^^ ^^ ^^ ^^ 
 ^^ ^^ ^^ ^^ ^^ ^^ ^^ ^^ ^^ 
+  +--+  +  +  +  +  +--+  +
 ^^ ^^ ^^ ^^ ^^ ^^ ^^ ^^ ^^ 
 ^^ ^^ ^^ ^^ ^^ ^^ ^^ ^^ ^^ 
+--+  +  +  +  +  +  +  +--+
 ^^ ^^ ^^ ^^ ^^ ^^ ^^ ^^ ^^ 
 ^^ ^^ ^^ ^^ ^^ ^^ ^^ ^^ ^^ 
+  +  +  +  +  +  +  +  +  +
  c           @           r 
                            
+  +  +  +  +  +  +  +  +  +
! END_MAP !
! TURN 0 c:balance:0 r:balance:0 !
! PROGRAM moves:1|1|2|2|3|L|L|R|R modes:balance|maneuver|speed|spin !

? move MOVE_1 MOVE_2 MOVE_3 MOVE_4 MOVE_5|MODE ?
3 2 2 1 maneuver
! ERROR Unrecognized command:  3 !
move 3 2 2 1 maneuver

! MOVES c:1 r:3 !
! BEGIN_MAP !
+  +  +  +  +  +  +  +  +  +
        $     $     $       
                            
+  +  +  +  +  +  +  +  +  +
     $     $     $     $    
                            
+  +  +  +  +  +  +  +  +  +
 >> >> >> ## ## ## << << << 
 >> >> >> ## ## ## << << << 
+  +  +--+  +  +  +--+  +  +
 ^^ ^^ ^^ ^^ ^^ ^^ ^^ ^^ ^^ 
 ^^ ^^ ^^ ^^ ^^ ^^ ^^ ^^ ^^ 
+  +--+  +  +  +  +  +--+  +
 ^^ ^^ ^^ ^^ ^^ ^^ ^^ ^^ ^^ 
 ^^ ^^ ^^ ^^ ^^ ^^ ^^ ^^ ^^ 
+--+  +  +  +  +  +  +  +--+
 ^c ^^ ^^ ^^ ^^ ^^ ^^ ^^ ^r 
 ^^ ^^ ^^ ^^ ^^ ^^ ^^ ^^ ^^ 
+  +  +  +  +  +  +  +  +  +
              @             
                            
+  +  +  +  +  +  +  +  +  +
! END_MAP !

! MOVES c:1 r:2 !
! BEGIN_MAP !
+  +  +  +  +  +  +  +  +  +
        $     $     $       
                            
+  +  +  +  +  +  +  +  +  +
     $     $     $     $    
                            
+  +  +  +  +  +  +  +  +  +
 >> >> >> ## ## ## << << << 
 >> >> >> ## ## ## << << << 
+  +  +--+  +  +  +--+  +  +
 ^^ ^^ ^^ ^^ ^^ ^^ ^^ ^^ ^^ 
 ^^ ^^ ^^ ^^ ^^ ^^ ^^ ^^ ^^ 
+  +--+  +  +  +  +  +--+  +
 ^^ ^^ ^^ ^^ ^^ ^^ ^^ ^^ ^^ 
 ^^ ^^ ^^ ^^ ^^ ^^ ^^ ^^ ^^ 
+--+  +  +  +  +  +  +  +--+
 ^c ^^ ^^ ^^ ^^ ^^ ^^ ^^ ^r 
 ^^ ^^ ^^ ^^ ^^ ^^ ^^ ^^ ^^ 
+  +  +  +  +  +  +  +  +  +
              @             
                            
+  +  +  +  +  +  +  +  +  +
! END_MAP !

! MOVES c:2 r:2 !
! BEGIN_MAP !
+  +  +  +  +  +  +  +  +  +
        $     $     $       
                            
+  +  +  +  +  +  +  +  +  +
     $     $     $     $    
                            
+  +  +  +  +  +  +  +  +  +
 >> >> >> ## ## ## << << << 
 >> >> >> ## ## ## << << << 
+  +  +--+  +  +  +--+  +  +
 ^^ ^^ ^^ ^^ ^^ ^^ ^^ ^^ ^^ 
 ^^ ^^ ^^ ^^ ^^ ^^ ^^ ^^ ^^ 
+  +--+  +  +  +  +  +--+  +
 ^^ ^^ ^^ ^^ ^^ ^^ ^^ ^^ ^^ 
 ^^ ^^ ^^ ^^ ^^ ^^ ^^ ^^ ^^ 
+--+  +  +  +  +  +  +  +--+
 ^c ^^ ^^ ^^ ^^ ^^ ^^ ^^ ^r 
 ^^ ^^ ^^ ^^ ^^ ^^ ^^ ^^ ^^ 
+  +  +  +  +  +  +  +  +  +
              @             
                            
+  +  +  +  +  +  +  +  +  +
! END_MAP !

! MOVES c:l r:1 !
! BEGIN_MAP !
+  +  +  +  +  +  +  +  +  +
        $     $     $       
                            
+  +  +  +  +  +  +  +  +  +
     $     $     $     $    
                            
+  +  +  +  +  +  +  +  +  +
 >> >> >> ## ## ## << << << 
 >> >> >> ## ## ## << << << 
+  +  +--+  +  +  +--+  +  +
 ^^ ^^ ^^ ^^ ^^ ^^ ^^ ^^ ^^ 
 ^^ ^^ ^^ ^^ ^^ ^^ ^^ ^^ ^^ 
+  +--+  +  +  +  +  +--+  +
 ^^ ^^ ^^ ^^ ^^ ^^ ^^ ^^ ^^ 
 ^^ ^^ ^^ ^^ ^^ ^^ ^^ ^^ ^^ 
+--+  +  +  +  +  +  +  +--+
 c^ ^^ ^^ ^^ ^^ ^^ ^^ ^^ ^r 
 ^^ ^^ ^^ ^^ ^^ ^^ ^^ ^^ ^^ 
+  +  +  +  +  +  +  +  +  +
              @             
                            
+  +  +  +  +  +  +  +  +  +
! END_MAP !

! MOVES c:l r:maneuver !
! BEGIN_MAP !
+  +  +  +  +  +  +  +  +  +
        $     $     $       
                            
+  +  +  +  +  +  +  +  +  +
     $     $     $     $    
                            
+  +  +  +  +  +  +  +  +  +
 >> >> >> ## ## ## << << << 
 >> >> >> ## ## ## << << << 
+  +  +--+  +  +  +--+  +  +
 ^^ ^^ ^^ ^^ ^^ ^^ ^^ ^^ ^^ 
 ^^ ^^ ^^ ^^ ^^ ^^ ^^ ^^ ^^ 
+  +--+  +  +  +  +  +--+  +
 ^^ ^^ ^^ ^^ ^^ ^^ ^^ ^^ ^^ 
 ^^ ^^ ^^ ^^ ^^ ^^ ^^ ^^ ^^ 
+--+  +  +  +  +  +  +  +--+
 ^^ ^^ ^^ ^^ ^^ ^^ ^^ ^^ ^r 
 c^ ^^ ^^ ^^ ^^ ^^ ^^ ^^ ^^ 
+  +  +  +  +  +  +  +  +  +
              @             
                            
+  +  +  +  +  +  +  +  +  +
! END_MAP !
! TURN 1 c:balance:0 r:maneuver:0 !
! PROGRAM moves:B|1|2|L|L|R|R|U|U modes:balance|maneuver|speed|spin !

? move MOVE_1 MOVE_2 MOVE_3 MOVE_4 MOVE_5|MODE ?
^C^C^C^C
! ERROR Malformed command:   !
L L U U spin
! ERROR Unrecognized command:  L !
move L L U U spin

! MOVES r:l c:l !
! BEGIN_MAP !
+  +  +  +  +  +  +  +  +  +
        $     $     $       
                            
+  +  +  +  +  +  +  +  +  +
     $     $     $     $    
                            
+  +  +  +  +  +  +  +  +  +
 >> >> >> ## ## ## << << << 
 >> >> >> ## ## ## << << << 
+  +  +--+  +  +  +--+  +  +
 ^^ ^^ ^^ ^^ ^^ ^^ ^^ ^^ ^^ 
 ^^ ^^ ^^ ^^ ^^ ^^ ^^ ^^ ^^ 
+  +--+  +  +  +  +  +--+  +
 ^^ ^^ ^^ ^^ ^^ ^^ ^^ ^^ ^^ 
 ^^ ^^ ^^ ^^ ^^ ^^ ^^ ^^ ^^ 
+--+  +  +  +  +  +  +  +--+
 ^^ ^^ ^^ ^^ ^^ ^^ ^^ ^^ r^ 
 ^c ^^ ^^ ^^ ^^ ^^ ^^ ^^ ^^ 
+  +  +  +  +  +  +  +  +  +
              @             
                            
+  +  +  +  +  +  +  +  +  +
! END_MAP !

! MOVES r:l c:l !
! BEGIN_MAP !
+  +  +  +  +  +  +  +  +  +
        $     $     $       
                            
+  +  +  +  +  +  +  +  +  +
     $     $     $     $    
                            
+  +  +  +  +  +  +  +  +  +
 >> >> >> ## ## ## << << << 
 >> >> >> ## ## ## << << << 
+  +  +--+  +  +  +--+  +  +
 ^^ ^^ ^^ ^^ ^^ ^^ ^^ ^^ ^^ 
 ^^ ^^ ^^ ^^ ^^ ^^ ^^ ^^ ^^ 
+  +--+  +  +  +  +  +--+  +
 ^^ ^^ ^^ ^^ ^^ ^^ ^^ ^^ ^^ 
 ^^ ^^ ^^ ^^ ^^ ^^ ^^ ^^ ^^ 
+--+  +  +  +  +  +  +  +--+
 ^c ^^ ^^ ^^ ^^ ^^ ^^ ^^ ^^ 
 ^^ ^^ ^^ ^^ ^^ ^^ ^^ ^^ r^ 
+  +  +  +  +  +  +  +  +  +
              @             
                            
+  +  +  +  +  +  +  +  +  +
! END_MAP !

! MOVES r:u c:r !
! BEGIN_MAP !
+  +  +  +  +  +  +  +  +  +
        $     $     $       
                            
+  +  +  +  +  +  +  +  +  +
     $     $     $     $    
                            
+  +  +  +  +  +  +  +  +  +
 >> >> >> ## ## ## << << << 
 >> >> >> ## ## ## << << << 
+  +  +--+  +  +  +--+  +  +
 ^^ ^^ ^^ ^^ ^^ ^^ ^^ ^^ ^^ 
 ^^ ^^ ^^ ^^ ^^ ^^ ^^ ^^ ^^ 
+  +--+  +  +  +  +  +--+  +
 ^^ ^^ ^^ ^^ ^^ ^^ ^^ ^^ ^^ 
 ^^ ^^ ^^ ^^ ^^ ^^ ^^ ^^ ^^ 
+--+  +  +  +  +  +  +  +--+
 ^^ ^^ ^^ ^^ ^^ ^^ ^^ ^^ ^r 
 ^c ^^ ^^ ^^ ^^ ^^ ^^ ^^ ^^ 
+  +  +  +  +  +  +  +  +  +
              @             
                            
+  +  +  +  +  +  +  +  +  +
! END_MAP !

! MOVES r:u c:r !
! BEGIN_MAP !
+  +  +  +  +  +  +  +  +  +
        $     $     $       
                            
+  +  +  +  +  +  +  +  +  +
     $     $     $     $    
                            
+  +  +  +  +  +  +  +  +  +
 >> >> >> ## ## ## << << << 
 >> >> >> ## ## ## << << << 
+  +  +--+  +  +  +--+  +  +
 ^^ ^^ ^^ ^^ ^^ ^^ ^^ ^^ ^^ 
 ^^ ^^ ^^ ^^ ^^ ^^ ^^ ^^ ^^ 
+  +--+  +  +  +  +  +--+  +
 ^^ ^^ ^^ ^^ ^^ ^^ ^^ ^^ ^^ 
 ^^ ^^ ^^ ^^ ^^ ^^ ^^ ^^ ^^ 
+--+  +  +  +  +  +  +  +--+
 ^^ ^^ ^^ ^^ ^^ ^^ ^^ ^^ ^^ 
 c^ ^^ ^^ ^^ ^^ ^^ ^^ ^^ r^ 
+  +  +  +  +  +  +  +  +  +
              @             
                            
+  +  +  +  +  +  +  +  +  +
! END_MAP !

! MOVES r:spin c:1 !
! BEGIN_MAP !
+  +  +  +  +  +  +  +  +  +
        $     $     $       
                            
+  +  +  +  +  +  +  +  +  +
     $     $     $     $    
                            
+  +  +  +  +  +  +  +  +  +
 >> >> >> ## ## ## << << << 
 >> >> >> ## ## ## << << << 
+  +  +--+  +  +  +--+  +  +
 ^^ ^^ ^^ ^^ ^^ ^^ ^^ ^^ ^^ 
 ^^ ^^ ^^ ^^ ^^ ^^ ^^ ^^ ^^ 
+  +--+  +  +  +  +  +--+  +
 ^^ ^^ ^^ ^^ ^^ ^^ ^^ ^^ ^^ 
 ^^ ^^ ^^ ^^ ^^ ^^ ^^ ^^ ^^ 
+--+  +  +  +  +  +  +  +--+
 ^^ ^^ ^^ ^^ ^^ ^^ ^^ ^^ ^^ 
 ^^ ^^ ^^ ^^ ^^ ^^ ^^ ^^ r^ 
+  +  +  +  +  +  +  +  +  +
              @             
 c                          
+  +  +  +  +  +  +  +  +  +
! END_MAP !
! TURN 2 r:spin:0 c:balance:0 !
! PROGRAM moves:1|1|2|3|R|R|R|R|R modes:balance|maneuver|speed|spin !

? move MOVE_1 MOVE_2 MOVE_3 MOVE_4 MOVE_5|MODE ?
move R R R R balance

! MOVES c:l r:r !
! BEGIN_MAP !
+  +  +  +  +  +  +  +  +  +
        $     $     $       
                            
+  +  +  +  +  +  +  +  +  +
     $     $     $     $    
                            
+  +  +  +  +  +  +  +  +  +
 >> >> >> ## ## ## << << << 
 >> >> >> ## ## ## << << << 
+  +  +--+  +  +  +--+  +  +
 ^^ ^^ ^^ ^^ ^^ ^^ ^^ ^^ ^^ 
 ^^ ^^ ^^ ^^ ^^ ^^ ^^ ^^ ^^ 
+  +--+  +  +  +  +  +--+  +
 ^^ ^^ ^^ ^^ ^^ ^^ ^^ ^^ ^^ 
 ^^ ^^ ^^ ^^ ^^ ^^ ^^ ^^ ^^ 
+--+  +  +  +  +  +  +  +--+
 ^^ ^^ ^^ ^^ ^^ ^^ ^^ ^^ r^ 
 ^^ ^^ ^^ ^^ ^^ ^^ ^^ ^^ ^^ 
+  +  +  +  +  +  +  +  +  +
              @             
  c                         
+  +  +  +  +  +  +  +  +  +
! END_MAP !

! MOVES c:l r:r !
! BEGIN_MAP !
+  +  +  +  +  +  +  +  +  +
        $     $     $       
                            
+  +  +  +  +  +  +  +  +  +
     $     $     $     $    
                            
+  +  +  +  +  +  +  +  +  +
 >> >> >> ## ## ## << << << 
 >> >> >> ## ## ## << << << 
+  +  +--+  +  +  +--+  +  +
 ^^ ^^ ^^ ^^ ^^ ^^ ^^ ^^ ^^ 
 ^^ ^^ ^^ ^^ ^^ ^^ ^^ ^^ ^^ 
+  +--+  +  +  +  +  +--+  +
 ^^ ^^ ^^ ^^ ^^ ^^ ^^ ^^ ^^ 
 ^^ ^^ ^^ ^^ ^^ ^^ ^^ ^^ ^^ 
+--+  +  +  +  +  +  +  +--+
 ^^ ^^ ^^ ^^ ^^ ^^ ^^ ^^ ^r 
 ^^ ^^ ^^ ^^ ^^ ^^ ^^ ^^ ^^ 
+  +  +  +  +  +  +  +  +  +
  c           @             
                            
+  +  +  +  +  +  +  +  +  +
! END_MAP !

! MOVES c:r r:r !
! BEGIN_MAP !
+  +  +  +  +  +  +  +  +  +
        $     $     $       
                            
+  +  +  +  +  +  +  +  +  +
     $     $     $     $    
                            
+  +  +  +  +  +  +  +  +  +
 >> >> >> ## ## ## << << << 
 >> >> >> ## ## ## << << << 
+  +  +--+  +  +  +--+  +  +
 ^^ ^^ ^^ ^^ ^^ ^^ ^^ ^^ ^^ 
 ^^ ^^ ^^ ^^ ^^ ^^ ^^ ^^ ^^ 
+  +--+  +  +  +  +  +--+  +
 ^^ ^^ ^^ ^^ ^^ ^^ ^^ ^^ ^^ 
 ^^ ^^ ^^ ^^ ^^ ^^ ^^ ^^ ^^ 
+--+  +  +  +  +  +  +  +--+
 ^^ ^^ ^^ ^^ ^^ ^^ ^^ ^^ ^^ 
 ^^ ^^ ^^ ^^ ^^ ^^ ^^ ^^ ^r 
+  +  +  +  +  +  +  +  +  +
              @             
  c                         
+  +  +  +  +  +  +  +  +  +
! END_MAP !

! MOVES c:r r:r !
! BEGIN_MAP !
+  +  +  +  +  +  +  +  +  +
        $     $     $       
                            
+  +  +  +  +  +  +  +  +  +
     $     $     $     $    
                            
+  +  +  +  +  +  +  +  +  +
 >> >> >> ## ## ## << << << 
 >> >> >> ## ## ## << << << 
+  +  +--+  +  +  +--+  +  +
 ^^ ^^ ^^ ^^ ^^ ^^ ^^ ^^ ^^ 
 ^^ ^^ ^^ ^^ ^^ ^^ ^^ ^^ ^^ 
+  +--+  +  +  +  +  +--+  +
 ^^ ^^ ^^ ^^ ^^ ^^ ^^ ^^ ^^ 
 ^^ ^^ ^^ ^^ ^^ ^^ ^^ ^^ ^^ 
+--+  +  +  +  +  +  +  +--+
 ^^ ^^ ^^ ^^ ^^ ^^ ^^ ^^ ^^ 
 ^^ ^^ ^^ ^^ ^^ ^^ ^^ ^^ r^ 
+  +  +  +  +  +  +  +  +  +
              @             
 c                          
+  +  +  +  +  +  +  +  +  +
! END_MAP !

! MOVES c:1 r:balance !
! BEGIN_MAP !
+  +  +  +  +  +  +  +  +  +
        $     $     $       
                            
+  +  +  +  +  +  +  +  +  +
     $     $     $     $    
                            
+  +  +  +  +  +  +  +  +  +
 >> >> >> ## ## ## << << << 
 >> >> >> ## ## ## << << << 
+  +  +--+  +  +  +--+  +  +
 ^^ ^^ ^^ ^^ ^^ ^^ ^^ ^^ ^^ 
 ^^ ^^ ^^ ^^ ^^ ^^ ^^ ^^ ^^ 
+  +--+  +  +  +  +  +--+  +
 ^^ ^^ ^^ ^^ ^^ ^^ ^^ ^^ ^^ 
 ^^ ^^ ^^ ^^ ^^ ^^ ^^ ^^ ^^ 
+--+  +  +  +  +  +  +  +--+
 ^^ ^^ ^^ ^^ ^^ ^^ ^^ ^^ ^^ 
 ^^ ^^ ^^ ^^ ^^ ^^ ^^ ^^ r^ 
+  +  +  +  +  +  +  +  +  +
              @             
                            
+  +  +  +  +  +  +  +  +  +
! END_MAP !
! TURN 3 c:balance:0 r:balance:0 !
! WINNER The Ruby Resistance (eregon) !
