move 3 2 1 1 spin
Your moves will run when your opponent submits their moves.

! MOVES r:3 c:1 !
! BEGIN_MAP !
+  +  +  +  +  +  +  +  +  +
        $     $     $

+  +  +  +  +  +  +  +  +  +
     $     $     $     $

+  +  +  +  +  +  +  +  +  +
 >> >> >> ## ## ## << << <<
 >> >> >> ## ## ## << << <<
+  +  +--+  +  +  +--+  +  +
 ^^ ^^ ^^ ^^ ^^ ^^ ^^ ^^ ^^
 ^^ ^^ ^^ ^^ ^^ ^^ ^^ ^^ ^^
+  +--+  +  +  +  +  +--+  +
 ^^ ^^ ^^ ^^ ^^ ^^ ^^ ^^ ^^
 ^^ ^^ ^^ ^^ ^^ ^^ ^^ ^^ ^^
+--+  +  +  +  +  +  +  +--+
 ^c ^^ ^^ ^^ ^^ ^^ ^^ ^^ ^r
 ^^ ^^ ^^ ^^ ^^ ^^ ^^ ^^ ^^
+  +  +  +  +  +  +  +  +  +
              @

+  +  +  +  +  +  +  +  +  +
! END_MAP !

! MOVES r:2 c:l !
! BEGIN_MAP !
+  +  +  +  +  +  +  +  +  +
        $     $     $

+  +  +  +  +  +  +  +  +  +
     $     $     $     $

+  +  +  +  +  +  +  +  +  +
 >> >> >> ## ## ## << << <<
 >> >> >> ## ## ## << << <<
+  +  +--+  +  +  +--+  +  +
 ^^ ^^ ^^ ^^ ^^ ^^ ^^ ^^ ^^
 ^^ ^^ ^^ ^^ ^^ ^^ ^^ ^^ ^^
+  +--+  +  +  +  +  +--+  +
 ^^ ^^ ^^ ^^ ^^ ^^ ^^ ^^ ^^
 ^^ ^^ ^^ ^^ ^^ ^^ ^^ ^^ ^^
+--+  +  +  +  +  +  +  +--+
 c^ ^^ ^^ ^^ ^^ ^^ ^^ ^^ ^r
 ^^ ^^ ^^ ^^ ^^ ^^ ^^ ^^ ^^
+  +  +  +  +  +  +  +  +  +
              @

+  +  +  +  +  +  +  +  +  +
! END_MAP !

! MOVES r:1 c:2 !
! BEGIN_MAP !
+  +  +  +  +  +  +  +  +  +
        $     $     $

+  +  +  +  +  +  +  +  +  +
     $     $     $     $

+  +  +  +  +  +  +  +  +  +
 >> >> >> ## ## ## << << <<
 >> >> >> ## ## ## << << <<
+  +  +--+  +  +  +--+  +  +
 ^^ ^^ ^^ ^^ ^^ ^^ ^^ ^^ ^^
 ^^ ^^ ^^ ^^ ^^ ^^ ^^ ^^ ^^
+  +--+  +  +  +  +  +--+  +
 ^^ ^^ ^^ ^^ ^^ ^^ ^^ ^^ ^^
 ^^ ^^ ^^ ^^ ^^ ^^ ^^ ^^ ^^
+--+  +  +  +  +  +  +  +--+
 ^^ ^^ ^^ ^^ ^^ ^^ ^^ ^^ ^r
 ^^ ^^ ^^ ^^ ^^ ^^ ^^ ^^ ^^
+  +  +  +  +  +  +  +  +  +
              @

+  +  +  +  +  +  +  +  +  +
! END_MAP !
! TURN 1 r:balance:0 c:balance:0 !
! WINNER The Ruby Resistance (stevenhaddox) !

