
COBOT #CAC944 vs. The Ruby Resistance (manveru)

+  +  +  +  +  +  +  +  +  +
     $  $  $  $  $  $  $ c  
  r                         
+  +  +  +  +  +  +  +  +  +
     $  $  $  $  $  $  $    
                            
+  +  +  +  +  +  +  +  +  +
       ## ## ## ## ##       
       ## ## ## ## ##       
+  +  +  +  +  +  +  +  +  +
       ##     @    ##       
       ##          ##       
+  +  +  +  +  +  +  +  +  +
       ## ##    ## ##       
       ## ##    ## ##       
+  +  +  +  +  +  +  +  +  +
                            
                            
+  +  +  +  +  +  +  +  +  +
                            
                            
+  +  +  +  +  +  +  +  +  +
!1:  c:balance:0, r:balance:0!

move 1|1|2|2|3|L|L|R|Rx4 1|1|2|2|3|L|L|R|R|balance|speed|maneuver|spin?
move 1 L
Invalid moves.
move 1 R
Invalid moves.
move 4 R
Invalid moves.
move 5 R
Invalid moves.
move R
Invalid moves.
mvoe 1
Unrecognized command:  mvoe
move 1
Invalid moves.
move L
Invalid moves.
move R
Invalid moves.
speed
Unrecognized command:  speed
speed 1
Unrecognized command:  speed
3 speed
Unrecognized command:  3
speed 3
Unrecognized command:  speed
? 
Malformed command:  ?
help
Unrecognized command:  help
move 1 r  
Invalid moves.
move 1 1 r r r
Your robot cannot make those moves.
move r r r r r
Your robot cannot make those moves.
move l l l l l
Your robot cannot make those moves.
move 1 l l l l
Your robot cannot make those moves.
move 1 1 l l l
Your robot cannot make those moves.
move 1 1 r r r 
Your robot cannot make those moves.
move 1 1 3 2 L

!c:  1, r:  1!
+  +  +  +  +  +  +  +  +  +
        $  $  $  $  $ C     
     R                      
+  +  +  +  +  +  +  +  +  +
     $  $  $  $  $  $  $    
                            
+  +  +  +  +  +  +  +  +  +
       ## ## ## ## ##       
       ## ## ## ## ##       
+  +  +  +  +  +  +  +  +  +
       ##     @    ##       
       ##          ##       
+  +  +  +  +  +  +  +  +  +
       ## ##    ## ##       
       ## ##    ## ##       
+  +  +  +  +  +  +  +  +  +
                            
                            
+  +  +  +  +  +  +  +  +  +
                            
                            
+  +  +  +  +  +  +  +  +  +

!C:  1, R:  1!
+  +  +  +  +  +  +  +  +  +
        $  $  $  $ C$       
        R                   
+  +  +  +  +  +  +  +  +  +
     $  $  $  $  $  $  $    
                            
+  +  +  +  +  +  +  +  +  +
       ## ## ## ## ##       
       ## ## ## ## ##       
+  +  +  +  +  +  +  +  +  +
       ##     @    ##       
       ##          ##       
+  +  +  +  +  +  +  +  +  +
       ## ##    ## ##       
       ## ##    ## ##       
+  +  +  +  +  +  +  +  +  +
                            
                            
+  +  +  +  +  +  +  +  +  +
                            
                            
+  +  +  +  +  +  +  +  +  +

!C:  3, R:  3!
+  +  +  +  +  +  +  +  +  +
        $  $  $  $ C$       
                 R          
+  +  +  +  +  +  +  +  +  +
     $  $  $  $  $  $  $    
                            
+  +  +  +  +  +  +  +  +  +
       ## ## ## ## ##       
       ## ## ## ## ##       
+  +  +  +  +  +  +  +  +  +
       ##     @    ##       
       ##          ##       
+  +  +  +  +  +  +  +  +  +
       ## ##    ## ##       
       ## ##    ## ##       
+  +  +  +  +  +  +  +  +  +
                            
                            
+  +  +  +  +  +  +  +  +  +
                            
                            
+  +  +  +  +  +  +  +  +  +

!C:  2, R:  2!
+  +  +  +  +  +  +  +  +  +
        $  $  $  $ C$       
                 R          
+  +  +  +  +  +  +  +  +  +
     $  $  $  $  $  $  $    
                            
+  +  +  +  +  +  +  +  +  +
       ## ## ## ## ##       
       ## ## ## ## ##       
+  +  +  +  +  +  +  +  +  +
       ##     @    ##       
       ##          ##       
+  +  +  +  +  +  +  +  +  +
       ## ##    ## ##       
       ## ##    ## ##       
+  +  +  +  +  +  +  +  +  +
                            
                            
+  +  +  +  +  +  +  +  +  +
                            
                            
+  +  +  +  +  +  +  +  +  +

!C:  l, R:  l!
+  +  +  +  +  +  +  +  +  +
        $  $  $  R  $       
                 $ C        
+  +  +  +  +  +  +  +  +  +
     $  $  $  $  $  $  $    
                            
+  +  +  +  +  +  +  +  +  +
       ## ## ## ## ##       
       ## ## ## ## ##       
+  +  +  +  +  +  +  +  +  +
       ##     @    ##       
       ##          ##       
+  +  +  +  +  +  +  +  +  +
       ## ##    ## ##       
       ## ##    ## ##       
+  +  +  +  +  +  +  +  +  +
                            
                            
+  +  +  +  +  +  +  +  +  +
                            
                            
+  +  +  +  +  +  +  +  +  +
!1:  C:balance:0, R:balance:0!

move 1|1|2|2|3|L|L|R|Rx4 1|1|2|2|3|L|L|R|R|balance|speed|maneuver|spin?
move 1 1 1 r
Invalid moves.
move 1 1 1 1 r
Your robot cannot make those moves.
move 1 2 3 4 l
Invalid moves.
move 1 2 3 1 r

!R:  1, C:  1!
+  +  +  +  +  +  +  +  +  +
        $  $  $  $  $       
                            
+  +  +  +  +  +  +  +  +  +
     $  $  $  $  $  $  $    
                   C        
+  +  +  +  +  +  +  +  +  +
       ## ## ## ## ##       
       ## ## ## ## ##       
+  +  +  +  +  +  +  +  +  +
       ##     @    ##       
       ##          ##       
+  +  +  +  +  +  +  +  +  +
       ## ##    ## ##       
       ## ##    ## ##       
+  +  +  +  +  +  +  +  +  +
                            
                            
+  +  +  +  +  +  +  +  +  +
                            
                            
+  +  +  +  +  +  +  +  +  +
!2:  r:balance:0, C:balance:0!
!Winner:  COBOT #CAC944!

resist|quit?
resist

COBOT #CAC944 vs. The Ruby Resistance (manveru)

+--+--+--+--+--+--+--+--+--+--+--+--+--+--+--+--+--+--+--+--+--+
| $                                                           $|
|               r                                c             |
+  +  +  +  +  +  +  +  +  +  +  +  +  +  +  +  +  +  +  +  +  +
|                               $                              |
|                                                              |
+  +  +--+--+  +  +  +  +  +--+--+--+  +  +  +  +  +--+--+  +  +
|          $|            vv          vv            | $         |
|           |            vv          vv            |           |
+  +  +  +  +  +  +  +  +  +  +  +  +  +  +  +  +  +  +  +  +  +
|           |            vv          vv            |           |
|           |            vv          vv            |           |
+  +  +  +  +  +  +  +  +  +  +  +  +  +  +  +  +  +  +  +  +  +
|         >> >> >> >> ## ##     @    ## ## << << << <<         |
|         >> >> >> >> ## ##          ## ## << << << <<         |
+  +  +  +  +  +  +  +  +  +  +  +  +  +  +  +  +  +  +  +  +  +
|                        ^^          ^^                        |
|                        ^^          ^^                        |
+  +  +--+--+  +  +  +  +  +  +  +  +  +  +  +  +  +--+--+  +  +
|          $|            ^^          ^^            | $         |
|           |            ^^          ^^            |           |
+  +  +  +  +  +  +  +  +  +--+--+--+  +  +  +  +  +  +  +  +  +
|           |            ^^     $    ^^            |           |
|           |            ^^          ^^            |           |
+  +  +  +  +  +  +  +  +  +  +  +  +  +  +  +  +  +  +  +  +  +
| $       >> >> >> >>                      << << << <<        $|
|         >> >> >> >>                      << << << <<         |
+--+--+--+--+--+--+--+--+--+--+--+--+--+--+--+--+--+--+--+--+--+
!1:  c:balance:0, r:balance:0!

move 1|1|2|2|3|L|L|R|Rx4 1|1|2|2|3|L|L|R|R|balance|speed|maneuver|spin?
move 1 1 2 2 Rx4
Invalid moves.
move 1 1 2 2 Lx4
Invalid moves.
move 1 1 2 2 L

!c:  r, r:  1!
+--+--+--+--+--+--+--+--+--+--+--+--+--+--+--+--+--+--+--+--+--+
| $                                              c            $|
|                                                              |
+  +  +  +  +  +  +  +  +  +  +  +  +  +  +  +  +  +  +  +  +  +
|                               $                              |
|               r                                              |
+  +  +--+--+  +  +  +  +  +--+--+--+  +  +  +  +  +--+--+  +  +
|          $|            vv          vv            | $         |
|           |            vv          vv            |           |
+  +  +  +  +  +  +  +  +  +  +  +  +  +  +  +  +  +  +  +  +  +
|           |            vv          vv            |           |
|           |            vv          vv            |           |
+  +  +  +  +  +  +  +  +  +  +  +  +  +  +  +  +  +  +  +  +  +
|         >> >> >> >> ## ##     @    ## ## << << << <<         |
|         >> >> >> >> ## ##          ## ## << << << <<         |
+  +  +  +  +  +  +  +  +  +  +  +  +  +  +  +  +  +  +  +  +  +
|                        ^^          ^^                        |
|                        ^^          ^^                        |
+  +  +--+--+  +  +  +  +  +  +  +  +  +  +  +  +  +--+--+  +  +
|          $|            ^^          ^^            | $         |
|           |            ^^          ^^            |           |
+  +  +  +  +  +  +  +  +  +--+--+--+  +  +  +  +  +  +  +  +  +
|           |            ^^     $    ^^            |           |
|           |            ^^          ^^            |           |
+  +  +  +  +  +  +  +  +  +  +  +  +  +  +  +  +  +  +  +  +  +
| $       >> >> >> >>                      << << << <<        $|
|         >> >> >> >>                      << << << <<         |
+--+--+--+--+--+--+--+--+--+--+--+--+--+--+--+--+--+--+--+--+--+

!c:  2, r:  1!
+--+--+--+--+--+--+--+--+--+--+--+--+--+--+--+--+--+--+--+--+--+
| $                                        c                  $|
|                                                              |
+  +  +  +  +  +  +  +  +  +  +  +  +  +  +  +  +  +  +  +  +  +
|                               $                              |
|                                                              |
+  +  +--+--+  +  +  +  +  +--+--+--+  +  +  +  +  +--+--+  +  +
|          $|            vv          vv            | $         |
|           |   r        vv          vv            |           |
+  +  +  +  +  +  +  +  +  +  +  +  +  +  +  +  +  +  +  +  +  +
|           |            vv          vv            |           |
|           |            vv          vv            |           |
+  +  +  +  +  +  +  +  +  +  +  +  +  +  +  +  +  +  +  +  +  +
|         >> >> >> >> ## ##     @    ## ## << << << <<         |
|         >> >> >> >> ## ##          ## ## << << << <<         |
+  +  +  +  +  +  +  +  +  +  +  +  +  +  +  +  +  +  +  +  +  +
|                        ^^          ^^                        |
|                        ^^          ^^                        |
+  +  +--+--+  +  +  +  +  +  +  +  +  +  +  +  +  +--+--+  +  +
|          $|            ^^          ^^            | $         |
|           |            ^^          ^^            |           |
+  +  +  +  +  +  +  +  +  +--+--+--+  +  +  +  +  +  +  +  +  +
|           |            ^^     $    ^^            |           |
|           |            ^^          ^^            |           |
+  +  +  +  +  +  +  +  +  +  +  +  +  +  +  +  +  +  +  +  +  +
| $       >> >> >> >>                      << << << <<        $|
|         >> >> >> >>                      << << << <<         |
+--+--+--+--+--+--+--+--+--+--+--+--+--+--+--+--+--+--+--+--+--+

!c:  2, r:  2!
+--+--+--+--+--+--+--+--+--+--+--+--+--+--+--+--+--+--+--+--+--+
| $                                  c                        $|
|                                                              |
+  +  +  +  +  +  +  +  +  +  +  +  +  +  +  +  +  +  +  +  +  +
|                               $                              |
|                                                              |
+  +  +--+--+  +  +  +  +  +--+--+--+  +  +  +  +  +--+--+  +  +
|          $|            vv          vv            | $         |
|           |            vv          vv            |           |
+  +  +  +  +  +  +  +  +  +  +  +  +  +  +  +  +  +  +  +  +  +
|           |            vv          vv            |           |
|           |            vv          vv            |           |
+  +  +  +  +  +  +  +  +  +  +  +  +  +  +  +  +  +  +  +  +  +
|         >> >> >> >> ## ##     @    ## ## << << << <<         |
|         >> >> >> r> ## ##          ## ## << << << <<         |
+  +  +  +  +  +  +  +  +  +  +  +  +  +  +  +  +  +  +  +  +  +
|                        ^^          ^^                        |
|                        ^^          ^^                        |
+  +  +--+--+  +  +  +  +  +  +  +  +  +  +  +  +  +--+--+  +  +
|          $|            ^^          ^^            | $         |
|           |            ^^          ^^            |           |
+  +  +  +  +  +  +  +  +  +--+--+--+  +  +  +  +  +  +  +  +  +
|           |            ^^     $    ^^            |           |
|           |            ^^          ^^            |           |
+  +  +  +  +  +  +  +  +  +  +  +  +  +  +  +  +  +  +  +  +  +
| $       >> >> >> >>                      << << << <<        $|
|         >> >> >> >>                      << << << <<         |
+--+--+--+--+--+--+--+--+--+--+--+--+--+--+--+--+--+--+--+--+--+

!c:  3, r:  2!
+--+--+--+--+--+--+--+--+--+--+--+--+--+--+--+--+--+--+--+--+--+
| $                         c                                 $|
|                                                              |
+  +  +  +  +  +  +  +  +  +  +  +  +  +  +  +  +  +  +  +  +  +
|                               $                              |
|                                                              |
+  +  +--+--+  +  +  +  +  +--+--+--+  +  +  +  +  +--+--+  +  +
|          $|            vv          vv            | $         |
|           |            vv          vv            |           |
+  +  +  +  +  +  +  +  +  +  +  +  +  +  +  +  +  +  +  +  +  +
|           |            vv          vv            |           |
|           |            vv          vv            |           |
+  +  +  +  +  +  +  +  +  +  +  +  +  +  +  +  +  +  +  +  +  +
|         >> >> >> >> ## ##     @    ## ## << << << <<         |
|         >> >> >> >> ## ##          ## ## << << << <<         |
+  +  +  +  +  +  +  +  +  +  +  +  +  +  +  +  +  +  +  +  +  +
|                        ^^          ^^                        |
|                        ^^          ^^                        |
+  +  +--+--+  +  +  +  +  +  +  +  +  +  +  +  +  +--+--+  +  +
|          $|            ^^          ^^            | $         |
|           |      r     ^^          ^^            |           |
+  +  +  +  +  +  +  +  +  +--+--+--+  +  +  +  +  +  +  +  +  +
|           |            ^^     $    ^^            |           |
|           |            ^^          ^^            |           |
+  +  +  +  +  +  +  +  +  +  +  +  +  +  +  +  +  +  +  +  +  +
| $       >> >> >> >>                      << << << <<        $|
|         >> >> >> >>                      << << << <<         |
+--+--+--+--+--+--+--+--+--+--+--+--+--+--+--+--+--+--+--+--+--+

!c:  l, r:  l!
+--+--+--+--+--+--+--+--+--+--+--+--+--+--+--+--+--+--+--+--+--+
| $                                                           $|
|                           c                                  |
+  +  +  +  +  +  +  +  +  +  +  +  +  +  +  +  +  +  +  +  +  +
|                               $                              |
|                                                              |
+  +  +--+--+  +  +  +  +  +--+--+--+  +  +  +  +  +--+--+  +  +
|          $|            vv          vv            | $         |
|           |            vv          vv            |           |
+  +  +  +  +  +  +  +  +  +  +  +  +  +  +  +  +  +  +  +  +  +
|           |            vv          vv            |           |
|           |            vv          vv            |           |
+  +  +  +  +  +  +  +  +  +  +  +  +  +  +  +  +  +  +  +  +  +
|         >> >> >> >> ## ##     @    ## ## << << << <<         |
|         >> >> >> >> ## ##          ## ## << << << <<         |
+  +  +  +  +  +  +  +  +  +  +  +  +  +  +  +  +  +  +  +  +  +
|                        ^^          ^^                        |
|                        ^^          ^^                        |
+  +  +--+--+  +  +  +  +  +  +  +  +  +  +  +  +  +--+--+  +  +
|          $|            ^^          ^^            | $         |
|           |       r    ^^          ^^            |           |
+  +  +  +  +  +  +  +  +  +--+--+--+  +  +  +  +  +  +  +  +  +
|           |            ^^     $    ^^            |           |
|           |            ^^          ^^            |           |
+  +  +  +  +  +  +  +  +  +  +  +  +  +  +  +  +  +  +  +  +  +
| $       >> >> >> >>                      << << << <<        $|
|         >> >> >> >>                      << << << <<         |
+--+--+--+--+--+--+--+--+--+--+--+--+--+--+--+--+--+--+--+--+--+
!1:  c:balance:0, r:balance:0!

move 1|1|2|2|3|L|L|R|Rx4 1|1|2|2|3|L|L|R|R|balance|speed|maneuver|spin?
move 1
Invalid moves.
move 3 r
Invalid moves.
move 1 r
Invalid moves.
move 1 1 2 2 r
Your moves will run when your opponent submits their moves.

!r:  1, c:  l!
+--+--+--+--+--+--+--+--+--+--+--+--+--+--+--+--+--+--+--+--+--+
| $                                                           $|
|                            c                                 |
+  +  +  +  +  +  +  +  +  +  +  +  +  +  +  +  +  +  +  +  +  +
|                               $                              |
|                                                              |
+  +  +--+--+  +  +  +  +  +--+--+--+  +  +  +  +  +--+--+  +  +
|          $|            vv          vv            | $         |
|           |            vv          vv            |           |
+  +  +  +  +  +  +  +  +  +  +  +  +  +  +  +  +  +  +  +  +  +
|           |            vv          vv            |           |
|           |            vv          vv            |           |
+  +  +  +  +  +  +  +  +  +  +  +  +  +  +  +  +  +  +  +  +  +
|         >> >> >> >> ## ##     @    ## ## << << << <<         |
|         >> >> >> >> ## ##          ## ## << << << <<         |
+  +  +  +  +  +  +  +  +  +  +  +  +  +  +  +  +  +  +  +  +  +
|                        ^^          ^^                        |
|                        ^^          ^^                        |
+  +  +--+--+  +  +  +  +  +  +  +  +  +  +  +  +  +--+--+  +  +
|          $|            ^^          ^^            | $         |
|           |          r ^^          ^^            |           |
+  +  +  +  +  +  +  +  +  +--+--+--+  +  +  +  +  +  +  +  +  +
|           |            ^^     $    ^^            |           |
|           |            ^^          ^^            |           |
+  +  +  +  +  +  +  +  +  +  +  +  +  +  +  +  +  +  +  +  +  +
| $       >> >> >> >>                      << << << <<        $|
|         >> >> >> >>                      << << << <<         |
+--+--+--+--+--+--+--+--+--+--+--+--+--+--+--+--+--+--+--+--+--+

!r:  1, c:  3!
+--+--+--+--+--+--+--+--+--+--+--+--+--+--+--+--+--+--+--+--+--+
| $                                                           $|
|                                     c                        |
+  +  +  +  +  +  +  +  +  +  +  +  +  +  +  +  +  +  +  +  +  +
|                               $                              |
|                                                              |
+  +  +--+--+  +  +  +  +  +--+--+--+  +  +  +  +  +--+--+  +  +
|          $|            vv          vv            | $         |
|           |            vv          vv            |           |
+  +  +  +  +  +  +  +  +  +  +  +  +  +  +  +  +  +  +  +  +  +
|           |            vv          vv            |           |
|           |            vv          vv            |           |
+  +  +  +  +  +  +  +  +  +  +  +  +  +  +  +  +  +  +  +  +  +
|         >> >> >> >> ## ##     @    ## ## << << << <<         |
|         >> >> >> >> ## ##          ## ## << << << <<         |
+  +  +  +  +  +  +  +  +  +  +  +  +  +  +  +  +  +  +  +  +  +
|                        ^^          ^^                        |
|                        ^r          ^^                        |
+  +  +--+--+  +  +  +  +  +  +  +  +  +  +  +  +  +--+--+  +  +
|          $|            ^^          ^^            | $         |
|           |            ^^          ^^            |           |
+  +  +  +  +  +  +  +  +  +--+--+--+  +  +  +  +  +  +  +  +  +
|           |            ^^     $    ^^            |           |
|           |            ^^          ^^            |           |
+  +  +  +  +  +  +  +  +  +  +  +  +  +  +  +  +  +  +  +  +  +
| $       >> >> >> >>                      << << << <<        $|
|         >> >> >> >>                      << << << <<         |
+--+--+--+--+--+--+--+--+--+--+--+--+--+--+--+--+--+--+--+--+--+

!r:  2, c:  2!
+--+--+--+--+--+--+--+--+--+--+--+--+--+--+--+--+--+--+--+--+--+
| $                                                           $|
|                                           c                  |
+  +  +  +  +  +  +  +  +  +  +  +  +  +  +  +  +  +  +  +  +  +
|                               $                              |
|                                                              |
+  +  +--+--+  +  +  +  +  +--+--+--+  +  +  +  +  +--+--+  +  +
|          $|            vv          vv            | $         |
|           |            vv          vv            |           |
+  +  +  +  +  +  +  +  +  +  +  +  +  +  +  +  +  +  +  +  +  +
|           |            vv          vv            |           |
|           |            vv          vv            |           |
+  +  +  +  +  +  +  +  +  +  +  +  +  +  +  +  +  +  +  +  +  +
|         >> >> >> >> ## ##     @    ## ## << << << <<         |
|         >> >> >> >> ## ##          ## ## << << << <<         |
+  +  +  +  +  +  +  +  +  +  +  +  +  +  +  +  +  +  +  +  +  +
|                        ^^          ^^                        |
|                        ^^     r    ^^                        |
+  +  +--+--+  +  +  +  +  +  +  +  +  +  +  +  +  +--+--+  +  +
|          $|            ^^          ^^            | $         |
|           |            ^^          ^^            |           |
+  +  +  +  +  +  +  +  +  +--+--+--+  +  +  +  +  +  +  +  +  +
|           |            ^^     $    ^^            |           |
|           |            ^^          ^^            |           |
+  +  +  +  +  +  +  +  +  +  +  +  +  +  +  +  +  +  +  +  +  +
| $       >> >> >> >>                      << << << <<        $|
|         >> >> >> >>                      << << << <<         |
+--+--+--+--+--+--+--+--+--+--+--+--+--+--+--+--+--+--+--+--+--+

!r:  2, c:  1!
+--+--+--+--+--+--+--+--+--+--+--+--+--+--+--+--+--+--+--+--+--+
| $                                                           $|
|                                              c               |
+  +  +  +  +  +  +  +  +  +  +  +  +  +  +  +  +  +  +  +  +  +
|                               $                              |
|                                                              |
+  +  +--+--+  +  +  +  +  +--+--+--+  +  +  +  +  +--+--+  +  +
|          $|            vv          vv            | $         |
|           |            vv          vv            |           |
+  +  +  +  +  +  +  +  +  +  +  +  +  +  +  +  +  +  +  +  +  +
|           |            vv          vv            |           |
|           |            vv          vv            |           |
+  +  +  +  +  +  +  +  +  +  +  +  +  +  +  +  +  +  +  +  +  +
|         >> >> >> >> ## ##     @    ## ## << << << <<         |
|         >> >> >> >> ## ##          ## ## << << << <<         |
+  +  +  +  +  +  +  +  +  +  +  +  +  +  +  +  +  +  +  +  +  +
|                        ^^          ^^                        |
|                        ^^          ^^                        |
+  +  +--+--+  +  +  +  +  +  +  +  +  +  +  +  +  +--+--+  +  +
|          $|            ^^          ^^            | $         |
|           |            ^^          ^^            |           |
+  +  +  +  +  +  +  +  +  +--+--+--+  +  +  +  +  +  +  +  +  +
|           |            ^^     $    ^^            |           |
|           |            ^^          ^^            |           |
+  +  +  +  +  +  +  +  +  +  +  +  +  +  +  +  +  +  +  +  +  +
| $       >> >> >> >>                      << << << <<        $|
|         >> >> >> >>                      << << << <<         |
+--+--+--+--+--+--+--+--+--+--+--+--+--+--+--+--+--+--+--+--+--+
!2:  r:balance:0, c:balance:0!
!Winner:  COBOT #CAC944!
