The Ruby Resistance (stevenhaddox) vs. COBOT #972E33

+--+--+--+--+--+--+--+--+--+--+--+--+--+--+--+--+--+--+--+--+--+
| $                                                           $|
|               c                                r             |
+  +  +  +  +  +  +  +  +  +  +  +  +  +  +  +  +  +  +  +  +  +
|                               $                              |
|                                                              |
+  +  +--+--+  +  +  +  +  +--+--+--+  +  +  +  +  +--+--+  +  +
|          $|            vv          vv            | $         |
|           |            vv          vv            |           |
+  +  +  +  +  +  +  +  +  +  +  +  +  +  +  +  +  +  +  +  +  +
|           |            vv          vv            |           |
|           |            vv          vv            |           |
+  +  +  +  +  +  +  +  +  +  +  +  +  +  +  +  +  +  +  +  +  +
|         >> >> >> >> ## ##     @    ## ## << << << <<         |
|         >> >> >> >> ## ##          ## ## << << << <<         |
+  +  +  +  +  +  +  +  +  +  +  +  +  +  +  +  +  +  +  +  +  +
|                        ^^          ^^                        |
|                        ^^          ^^                        |
+  +  +--+--+  +  +  +  +  +  +  +  +  +  +  +  +  +--+--+  +  +
|          $|            ^^          ^^            | $         |
|           |            ^^          ^^            |           |
+  +  +  +  +  +  +  +  +  +--+--+--+  +  +  +  +  +  +  +  +  +
|           |            ^^     $    ^^            |           |
|           |            ^^          ^^            |           |
+  +  +  +  +  +  +  +  +  +  +  +  +  +  +  +  +  +  +  +  +  +
| $       >> >> >> >>                      << << << <<        $|
|         >> >> >> >>                      << << << <<         |
+--+--+--+--+--+--+--+--+--+--+--+--+--+--+--+--+--+--+--+--+--+
!1:  r:balance:0, c:balance:0!

move 1|1|2|2|3|L|L|R|Rx4 1|1|2|2|3|L|L|R|R|balance|speed|maneuver|spin?
move R 2 2 3 L
Your moves will run when your opponent submits their moves.

!r:  r, c:  1!
+--+--+--+--+--+--+--+--+--+--+--+--+--+--+--+--+--+--+--+--+--+
| $                                              r            $|
|                                                              |
+  +  +  +  +  +  +  +  +  +  +  +  +  +  +  +  +  +  +  +  +  +
|                               $                              |
|               c                                              |
+  +  +--+--+  +  +  +  +  +--+--+--+  +  +  +  +  +--+--+  +  +
|          $|            vv          vv            | $         |
|           |            vv          vv            |           |
+  +  +  +  +  +  +  +  +  +  +  +  +  +  +  +  +  +  +  +  +  +
|           |            vv          vv            |           |
|           |            vv          vv            |           |
+  +  +  +  +  +  +  +  +  +  +  +  +  +  +  +  +  +  +  +  +  +
|         >> >> >> >> ## ##     @    ## ## << << << <<         |
|         >> >> >> >> ## ##          ## ## << << << <<         |
+  +  +  +  +  +  +  +  +  +  +  +  +  +  +  +  +  +  +  +  +  +
|                        ^^          ^^                        |
|                        ^^          ^^                        |
+  +  +--+--+  +  +  +  +  +  +  +  +  +  +  +  +  +--+--+  +  +
|          $|            ^^          ^^            | $         |
|           |            ^^          ^^            |           |
+  +  +  +  +  +  +  +  +  +--+--+--+  +  +  +  +  +  +  +  +  +
|           |            ^^     $    ^^            |           |
|           |            ^^          ^^            |           |
+  +  +  +  +  +  +  +  +  +  +  +  +  +  +  +  +  +  +  +  +  +
| $       >> >> >> >>                      << << << <<        $|
|         >> >> >> >>                      << << << <<         |
+--+--+--+--+--+--+--+--+--+--+--+--+--+--+--+--+--+--+--+--+--+

!r:  2, c:  1!
+--+--+--+--+--+--+--+--+--+--+--+--+--+--+--+--+--+--+--+--+--+
| $                                        r                  $|
|                                                              |
+  +  +  +  +  +  +  +  +  +  +  +  +  +  +  +  +  +  +  +  +  +
|                               $                              |
|                                                              |
+  +  +--+--+  +  +  +  +  +--+--+--+  +  +  +  +  +--+--+  +  +
|          $|            vv          vv            | $         |
|           |   c        vv          vv            |           |
+  +  +  +  +  +  +  +  +  +  +  +  +  +  +  +  +  +  +  +  +  +
|           |            vv          vv            |           |
|           |            vv          vv            |           |
+  +  +  +  +  +  +  +  +  +  +  +  +  +  +  +  +  +  +  +  +  +
|         >> >> >> >> ## ##     @    ## ## << << << <<         |
|         >> >> >> >> ## ##          ## ## << << << <<         |
+  +  +  +  +  +  +  +  +  +  +  +  +  +  +  +  +  +  +  +  +  +
|                        ^^          ^^                        |
|                        ^^          ^^                        |
+  +  +--+--+  +  +  +  +  +  +  +  +  +  +  +  +  +--+--+  +  +
|          $|            ^^          ^^            | $         |
|           |            ^^          ^^            |           |
+  +  +  +  +  +  +  +  +  +--+--+--+  +  +  +  +  +  +  +  +  +
|           |            ^^     $    ^^            |           |
|           |            ^^          ^^            |           |
+  +  +  +  +  +  +  +  +  +  +  +  +  +  +  +  +  +  +  +  +  +
| $       >> >> >> >>                      << << << <<        $|
|         >> >> >> >>                      << << << <<         |
+--+--+--+--+--+--+--+--+--+--+--+--+--+--+--+--+--+--+--+--+--+

!r:  2, c:  2!
+--+--+--+--+--+--+--+--+--+--+--+--+--+--+--+--+--+--+--+--+--+
| $                                  r                        $|
|                                                              |
+  +  +  +  +  +  +  +  +  +  +  +  +  +  +  +  +  +  +  +  +  +
|                               $                              |
|                                                              |
+  +  +--+--+  +  +  +  +  +--+--+--+  +  +  +  +  +--+--+  +  +
|          $|            vv          vv            | $         |
|           |            vv          vv            |           |
+  +  +  +  +  +  +  +  +  +  +  +  +  +  +  +  +  +  +  +  +  +
|           |            vv          vv            |           |
|           |            vv          vv            |           |
+  +  +  +  +  +  +  +  +  +  +  +  +  +  +  +  +  +  +  +  +  +
|         >> >> >> >> ## ##     @    ## ## << << << <<         |
|         >> >> >> c> ## ##          ## ## << << << <<         |
+  +  +  +  +  +  +  +  +  +  +  +  +  +  +  +  +  +  +  +  +  +
|                        ^^          ^^                        |
|                        ^^          ^^                        |
+  +  +--+--+  +  +  +  +  +  +  +  +  +  +  +  +  +--+--+  +  +
|          $|            ^^          ^^            | $         |
|           |            ^^          ^^            |           |
+  +  +  +  +  +  +  +  +  +--+--+--+  +  +  +  +  +  +  +  +  +
|           |            ^^     $    ^^            |           |
|           |            ^^          ^^            |           |
+  +  +  +  +  +  +  +  +  +  +  +  +  +  +  +  +  +  +  +  +  +
| $       >> >> >> >>                      << << << <<        $|
|         >> >> >> >>                      << << << <<         |
+--+--+--+--+--+--+--+--+--+--+--+--+--+--+--+--+--+--+--+--+--+

!r:  3, c:  2!
+--+--+--+--+--+--+--+--+--+--+--+--+--+--+--+--+--+--+--+--+--+
| $                         r                                 $|
|                                                              |
+  +  +  +  +  +  +  +  +  +  +  +  +  +  +  +  +  +  +  +  +  +
|                               $                              |
|                                                              |
+  +  +--+--+  +  +  +  +  +--+--+--+  +  +  +  +  +--+--+  +  +
|          $|            vv          vv            | $         |
|           |            vv          vv            |           |
+  +  +  +  +  +  +  +  +  +  +  +  +  +  +  +  +  +  +  +  +  +
|           |            vv          vv            |           |
|           |            vv          vv            |           |
+  +  +  +  +  +  +  +  +  +  +  +  +  +  +  +  +  +  +  +  +  +
|         >> >> >> >> ## ##     @    ## ## << << << <<         |
|         >> >> >> >> ## ##          ## ## << << << <<         |
+  +  +  +  +  +  +  +  +  +  +  +  +  +  +  +  +  +  +  +  +  +
|                        ^^          ^^                        |
|                        ^^          ^^                        |
+  +  +--+--+  +  +  +  +  +  +  +  +  +  +  +  +  +--+--+  +  +
|          $|            ^^          ^^            | $         |
|           |      c     ^^          ^^            |           |
+  +  +  +  +  +  +  +  +  +--+--+--+  +  +  +  +  +  +  +  +  +
|           |            ^^     $    ^^            |           |
|           |            ^^          ^^            |           |
+  +  +  +  +  +  +  +  +  +  +  +  +  +  +  +  +  +  +  +  +  +
| $       >> >> >> >>                      << << << <<        $|
|         >> >> >> >>                      << << << <<         |
+--+--+--+--+--+--+--+--+--+--+--+--+--+--+--+--+--+--+--+--+--+

!r:  l, c:  l!
+--+--+--+--+--+--+--+--+--+--+--+--+--+--+--+--+--+--+--+--+--+
| $                                                           $|
|                           r                                  |
+  +  +  +  +  +  +  +  +  +  +  +  +  +  +  +  +  +  +  +  +  +
|                               $                              |
|                                                              |
+  +  +--+--+  +  +  +  +  +--+--+--+  +  +  +  +  +--+--+  +  +
|          $|            vv          vv            | $         |
|           |            vv          vv            |           |
+  +  +  +  +  +  +  +  +  +  +  +  +  +  +  +  +  +  +  +  +  +
|           |            vv          vv            |           |
|           |            vv          vv            |           |
+  +  +  +  +  +  +  +  +  +  +  +  +  +  +  +  +  +  +  +  +  +
|         >> >> >> >> ## ##     @    ## ## << << << <<         |
|         >> >> >> >> ## ##          ## ## << << << <<         |
+  +  +  +  +  +  +  +  +  +  +  +  +  +  +  +  +  +  +  +  +  +
|                        ^^          ^^                        |
|                        ^^          ^^                        |
+  +  +--+--+  +  +  +  +  +  +  +  +  +  +  +  +  +--+--+  +  +
|          $|            ^^          ^^            | $         |
|           |       c    ^^          ^^            |           |
+  +  +  +  +  +  +  +  +  +--+--+--+  +  +  +  +  +  +  +  +  +
|           |            ^^     $    ^^            |           |
|           |            ^^          ^^            |           |
+  +  +  +  +  +  +  +  +  +  +  +  +  +  +  +  +  +  +  +  +  +
| $       >> >> >> >>                      << << << <<        $|
|         >> >> >> >>                      << << << <<         |
+--+--+--+--+--+--+--+--+--+--+--+--+--+--+--+--+--+--+--+--+--+
!1:  r:balance:0, c:balance:0!

move L 3 2 1 1

!c:  1, r:  l!
+--+--+--+--+--+--+--+--+--+--+--+--+--+--+--+--+--+--+--+--+--+
| $                                                           $|
|                            r                                 |
+  +  +  +  +  +  +  +  +  +  +  +  +  +  +  +  +  +  +  +  +  +
|                               $                              |
|                                                              |
+  +  +--+--+  +  +  +  +  +--+--+--+  +  +  +  +  +--+--+  +  +
|          $|            vv          vv            | $         |
|           |            vv          vv            |           |
+  +  +  +  +  +  +  +  +  +  +  +  +  +  +  +  +  +  +  +  +  +
|           |            vv          vv            |           |
|           |            vv          vv            |           |
+  +  +  +  +  +  +  +  +  +  +  +  +  +  +  +  +  +  +  +  +  +
|         >> >> >> >> ## ##     @    ## ## << << << <<         |
|         >> >> >> >> ## ##          ## ## << << << <<         |
+  +  +  +  +  +  +  +  +  +  +  +  +  +  +  +  +  +  +  +  +  +
|                        ^^          ^^                        |
|                        ^^          ^^                        |
+  +  +--+--+  +  +  +  +  +  +  +  +  +  +  +  +  +--+--+  +  +
|          $|            ^^          ^^            | $         |
|           |          c ^^          ^^            |           |
+  +  +  +  +  +  +  +  +  +--+--+--+  +  +  +  +  +  +  +  +  +
|           |            ^^     $    ^^            |           |
|           |            ^^          ^^            |           |
+  +  +  +  +  +  +  +  +  +  +  +  +  +  +  +  +  +  +  +  +  +
| $       >> >> >> >>                      << << << <<        $|
|         >> >> >> >>                      << << << <<         |
+--+--+--+--+--+--+--+--+--+--+--+--+--+--+--+--+--+--+--+--+--+

!c:  1, r:  3!
+--+--+--+--+--+--+--+--+--+--+--+--+--+--+--+--+--+--+--+--+--+
| $                                                           $|
|                                     r                        |
+  +  +  +  +  +  +  +  +  +  +  +  +  +  +  +  +  +  +  +  +  +
|                               $                              |
|                                                              |
+  +  +--+--+  +  +  +  +  +--+--+--+  +  +  +  +  +--+--+  +  +
|          $|            vv          vv            | $         |
|           |            vv          vv            |           |
+  +  +  +  +  +  +  +  +  +  +  +  +  +  +  +  +  +  +  +  +  +
|           |            vv          vv            |           |
|           |            vv          vv            |           |
+  +  +  +  +  +  +  +  +  +  +  +  +  +  +  +  +  +  +  +  +  +
|         >> >> >> >> ## ##     @    ## ## << << << <<         |
|         >> >> >> >> ## ##          ## ## << << << <<         |
+  +  +  +  +  +  +  +  +  +  +  +  +  +  +  +  +  +  +  +  +  +
|                        ^^          ^^                        |
|                        ^c          ^^                        |
+  +  +--+--+  +  +  +  +  +  +  +  +  +  +  +  +  +--+--+  +  +
|          $|            ^^          ^^            | $         |
|           |            ^^          ^^            |           |
+  +  +  +  +  +  +  +  +  +--+--+--+  +  +  +  +  +  +  +  +  +
|           |            ^^     $    ^^            |           |
|           |            ^^          ^^            |           |
+  +  +  +  +  +  +  +  +  +  +  +  +  +  +  +  +  +  +  +  +  +
| $       >> >> >> >>                      << << << <<        $|
|         >> >> >> >>                      << << << <<         |
+--+--+--+--+--+--+--+--+--+--+--+--+--+--+--+--+--+--+--+--+--+

!c:  2, r:  2!
+--+--+--+--+--+--+--+--+--+--+--+--+--+--+--+--+--+--+--+--+--+
| $                                                           $|
|                                           r                  |
+  +  +  +  +  +  +  +  +  +  +  +  +  +  +  +  +  +  +  +  +  +
|                               $                              |
|                                                              |
+  +  +--+--+  +  +  +  +  +--+--+--+  +  +  +  +  +--+--+  +  +
|          $|            vv          vv            | $         |
|           |            vv          vv            |           |
+  +  +  +  +  +  +  +  +  +  +  +  +  +  +  +  +  +  +  +  +  +
|           |            vv          vv            |           |
|           |            vv          vv            |           |
+  +  +  +  +  +  +  +  +  +  +  +  +  +  +  +  +  +  +  +  +  +
|         >> >> >> >> ## ##     @    ## ## << << << <<         |
|         >> >> >> >> ## ##          ## ## << << << <<         |
+  +  +  +  +  +  +  +  +  +  +  +  +  +  +  +  +  +  +  +  +  +
|                        ^^          ^^                        |
|                        ^^     c    ^^                        |
+  +  +--+--+  +  +  +  +  +  +  +  +  +  +  +  +  +--+--+  +  +
|          $|            ^^          ^^            | $         |
|           |            ^^          ^^            |           |
+  +  +  +  +  +  +  +  +  +--+--+--+  +  +  +  +  +  +  +  +  +
|           |            ^^     $    ^^            |           |
|           |            ^^          ^^            |           |
+  +  +  +  +  +  +  +  +  +  +  +  +  +  +  +  +  +  +  +  +  +
| $       >> >> >> >>                      << << << <<        $|
|         >> >> >> >>                      << << << <<         |
+--+--+--+--+--+--+--+--+--+--+--+--+--+--+--+--+--+--+--+--+--+

!c:  2, r:  1!
+--+--+--+--+--+--+--+--+--+--+--+--+--+--+--+--+--+--+--+--+--+
| $                                                           $|
|                                              r               |
+  +  +  +  +  +  +  +  +  +  +  +  +  +  +  +  +  +  +  +  +  +
|                               $                              |
|                                                              |
+  +  +--+--+  +  +  +  +  +--+--+--+  +  +  +  +  +--+--+  +  +
|          $|            vv          vv            | $         |
|           |            vv          vv            |           |
+  +  +  +  +  +  +  +  +  +  +  +  +  +  +  +  +  +  +  +  +  +
|           |            vv          vv            |           |
|           |            vv          vv            |           |
+  +  +  +  +  +  +  +  +  +  +  +  +  +  +  +  +  +  +  +  +  +
|         >> >> >> >> ## ##     @    ## ## << << << <<         |
|         >> >> >> >> ## ##          ## ## << << << <<         |
+  +  +  +  +  +  +  +  +  +  +  +  +  +  +  +  +  +  +  +  +  +
|                        ^^          ^^                        |
|                        ^^          ^^                        |
+  +  +--+--+  +  +  +  +  +  +  +  +  +  +  +  +  +--+--+  +  +
|          $|            ^^          ^^            | $         |
|           |            ^^          ^^            |           |
+  +  +  +  +  +  +  +  +  +--+--+--+  +  +  +  +  +  +  +  +  +
|           |            ^^     $    ^^            |           |
|           |            ^^          ^^            |           |
+  +  +  +  +  +  +  +  +  +  +  +  +  +  +  +  +  +  +  +  +  +
| $       >> >> >> >>                      << << << <<        $|
|         >> >> >> >>                      << << << <<         |
+--+--+--+--+--+--+--+--+--+--+--+--+--+--+--+--+--+--+--+--+--+
!2:  c:balance:0, r:balance:0!
!Winner:  The Ruby Resistance (stevenhaddox)!

--------------------------------------------------------------------------



