COBOT #9F6AFB vs. The Ruby Resistance (stevenhaddox)

+--+--+--+--+--+--+--+--+--+
|    $  $  $  $  $  $  $ c |
| r                        |
+  +  +  +  +  +  +  +  +  +
|    $  $  $  $  $  $  $   |
|                          |
+  +  +  +  +  +  +  +  +  +
|>> >> >> >> >> >> >> >> >>|
|>> >> >> >> >> >> >> >> >>|
+  +  +  +  +  +  +  +  +  +
|vv vv vv vv vv vv vv vv vv|
|vv vv vv vv vv vv vv vv vv|
+  +  +  +  +  +  +  +  +  +
|<< << << << << << << << <<|
|<< << << << << << << << <<|
+  +  +  +  +  +  +  +  +  +
|                          |
|                          |
+  +  +  +  +  +  +  +  +  +
|             @            |
|                          |
+--+--+--+--+--+--+--+--+--+
!1:  c:balance:0, r:balance:0!

move 1|1|2|2|3|L|L|R|Rx4 1|1|2|2|3|L|L|R|R|balance|speed|maneuver|spin?

move 2 R 2 L 1

!c:  1, r:  2!
+--+--+--+--+--+--+--+--+--+
|       $  $  $  $  $ C    |
|       R                  |
+  +  +  +  +  +  +  +  +  +
|    $  $  $  $  $  $  $   |
|                          |
+  +  +  +  +  +  +  +  +  +
|>> >> >> >> >> >> >> >> >>|
|>> >> >> >> >> >> >> >> >>|
+  +  +  +  +  +  +  +  +  +
|vv vv vv vv vv vv vv vv vv|
|vv vv vv vv vv vv vv vv vv|
+  +  +  +  +  +  +  +  +  +
|<< << << << << << << << <<|
|<< << << << << << << << <<|
+  +  +  +  +  +  +  +  +  +
|                          |
|                          |
+  +  +  +  +  +  +  +  +  +
|             @            |
|                          |
+--+--+--+--+--+--+--+--+--+

!C:  1, R:  r!
+--+--+--+--+--+--+--+--+--+
|       $  $  $  $ C$      |
|      R                   |
+  +  +  +  +  +  +  +  +  +
|    $  $  $  $  $  $  $   |
|                          |
+  +  +  +  +  +  +  +  +  +
|>> >> >> >> >> >> >> >> >>|
|>> >> >> >> >> >> >> >> >>|
+  +  +  +  +  +  +  +  +  +
|vv vv vv vv vv vv vv vv vv|
|vv vv vv vv vv vv vv vv vv|
+  +  +  +  +  +  +  +  +  +
|<< << << << << << << << <<|
|<< << << << << << << << <<|
+  +  +  +  +  +  +  +  +  +
|                          |
|                          |
+  +  +  +  +  +  +  +  +  +
|             @            |
|                          |
+--+--+--+--+--+--+--+--+--+

!C:  l, R:  2!
+--+--+--+--+--+--+--+--+--+
|       $  $  $  $  $      |
|                  C       |
+  +  +  +  +  +  +  +  +  +
|    $  $  $  $  $  $  $   |
|                          |
+  +  +  +  +  +  +  +  +  +
|>> >> >> >> >> >> >> >> >>|
|>> >> >> R> >> >> >> >> >>|
+  +  +  +  +  +  +  +  +  +
|vv vv vv vv vv vv vv vv vv|
|vv vv vv vv vv vv vv vv vv|
+  +  +  +  +  +  +  +  +  +
|<< << << << << << << << <<|
|<< << << << << << << << <<|
+  +  +  +  +  +  +  +  +  +
|                          |
|                          |
+  +  +  +  +  +  +  +  +  +
|             @            |
|                          |
+--+--+--+--+--+--+--+--+--+

!C:  l, R:  l!
+--+--+--+--+--+--+--+--+--+
|       $  $  $  $  $      |
|                   C      |
+  +  +  +  +  +  +  +  +  +
|    $  $  $  $  $  $  $   |
|                          |
+  +  +  +  +  +  +  +  +  +
|>> >> >> >> >> >> >> >> >>|
|>> >> >> >> >R >> >> >> >>|
+  +  +  +  +  +  +  +  +  +
|vv vv vv vv vv vv vv vv vv|
|vv vv vv vv vv vv vv vv vv|
+  +  +  +  +  +  +  +  +  +
|<< << << << << << << << <<|
|<< << << << << << << << <<|
+  +  +  +  +  +  +  +  +  +
|                          |
|                          |
+  +  +  +  +  +  +  +  +  +
|             @            |
|                          |
+--+--+--+--+--+--+--+--+--+

!C:  r, R:  1!
+--+--+--+--+--+--+--+--+--+
|       $  $  $  $  $      |
|                  C       |
+  +  +  +  +  +  +  +  +  +
|    $  $  $  $  $  $  $   |
|                          |
+  +  +  +  +  +  +  +  +  +
|>> >> >> >> >> >> >> >> >>|
|>> >> >> >> >> >> >R >> >>|
+  +  +  +  +  +  +  +  +  +
|vv vv vv vv vv vv vv vv vv|
|vv vv vv vv vv vv vv vv vv|
+  +  +  +  +  +  +  +  +  +
|<< << << << << << << << <<|
|<< << << << << << << << <<|
+  +  +  +  +  +  +  +  +  +
|                          |
|                          |
+  +  +  +  +  +  +  +  +  +
|             @            |
|                          |
+--+--+--+--+--+--+--+--+--+
!1:  C:balance:0, R:balance:0!

move 1|1|2|2|3|L|L|R|Rx4 1|1|2|2|3|L|L|R|R|balance|speed|maneuver|spin?

move R 1 L 2 2
Your moves will run when your opponent submits their moves.

!R:  r, C:  1!
+--+--+--+--+--+--+--+--+--+
|       $  $  $  $  $      |
|                          |
+  +  +  +  +  +  +  +  +  +
|    $  $  $  $  $  $  $   |
|                  C       |
+  +  +  +  +  +  +  +  +  +
|>> >> >> >> >> >> >> >> >>|
|>> >> >> >> >> >> >> R> >>|
+  +  +  +  +  +  +  +  +  +
|vv vv vv vv vv vv vv vv vv|
|vv vv vv vv vv vv vv vv vv|
+  +  +  +  +  +  +  +  +  +
|<< << << << << << << << <<|
|<< << << << << << << << <<|
+  +  +  +  +  +  +  +  +  +
|                          |
|                          |
+  +  +  +  +  +  +  +  +  +
|             @            |
|                          |
+--+--+--+--+--+--+--+--+--+

!R:  1, C:  l!
+--+--+--+--+--+--+--+--+--+
|       $  $  $  $  $      |
|                          |
+  +  +  +  +  +  +  +  +  +
|    $  $  $  $  $  $  $   |
|                   C      |
+  +  +  +  +  +  +  +  +  +
|>> >> >> >> >> >> >> >> >>|
|>> >> >> >> >> >> >> >> >>|
+  +  +  +  +  +  +  +  +  +
|vv vv vv vv vv vv vv vv vv|
|vv vv vv vv vv vv vv vv vv|
+  +  +  +  +  +  +  +  +  +
|<< << << << << << << R< <<|
|<< << << << << << << << <<|
+  +  +  +  +  +  +  +  +  +
|                          |
|                          |
+  +  +  +  +  +  +  +  +  +
|             @            |
|                          |
+--+--+--+--+--+--+--+--+--+

!R:  l, C:  2!
+--+--+--+--+--+--+--+--+--+
|       $  $  $  $  $      |
|                          |
+  +  +  +  +  +  +  +  +  +
|    $  $  $  $  $  $  $   |
|                         C|
+  +  +  +  +  +  +  +  +  +
|>> >> >> >> >> >> >> >> >>|
|>> >> >> >> >> >> >> >> >>|
+  +  +  +  +  +  +  +  +  +
|vv vv vv vv vv vv vv vv vv|
|vv vv vv vv vv vv vv vv vv|
+  +  +  +  +  +  +  +  +  +
|<< << << << << << << << <<|
|<< << << << << << R< << <<|
+  +  +  +  +  +  +  +  +  +
|                          |
|                          |
+  +  +  +  +  +  +  +  +  +
|             @            |
|                          |
+--+--+--+--+--+--+--+--+--+

!R:  2, C:  r!
+--+--+--+--+--+--+--+--+--+
|       $  $  $  $  $      |
|                          |
+  +  +  +  +  +  +  +  +  +
|    $  $  $  $  $  $  $   |
|                        C |
+  +  +  +  +  +  +  +  +  +
|>> >> >> >> >> >> >> >> >>|
|>> >> >> >> >> >> >> >> >>|
+  +  +  +  +  +  +  +  +  +
|vv vv vv vv vv vv vv vv vv|
|vv vv vv vv vv vv vv vv vv|
+  +  +  +  +  +  +  +  +  +
|<< << << << << << << << <<|
|<< << << << << << << << <<|
+  +  +  +  +  +  +  +  +  +
|                          |
|                          |
+  +  +  +  +  +  +  +  +  +
|             @            |
|                  R       |
+--+--+--+--+--+--+--+--+--+

!R:  2, C:  3!
+--+--+--+--+--+--+--+--+--+
|       $  $  $  $  $      |
|                          |
+  +  +  +  +  +  +  +  +  +
|    $  $  $  $  $  $  $   |
|                          |
+  +  +  +  +  +  +  +  +  +
|>> >> >> >> >> >> >> >> >>|
|>> >> >> >> >> >> >> >> >>|
+  +  +  +  +  +  +  +  +  +
|vv vv vv vv vv vv vv vv vv|
|vv vv vv vv vv vv vv vv vv|
+  +  +  +  +  +  +  +  +  +
|<< << << << << << << << <<|
|<< << << << << << << C< <<|
+  +  +  +  +  +  +  +  +  +
|                          |
|                          |
+  +  +  +  +  +  +  +  +  +
|             @            |
|                  R       |
+--+--+--+--+--+--+--+--+--+
!2:  R:balance:0, C:balance:0!

move 1|1|2|2|3|L|L|R|Rx4 1|1|2|2|3|L|L|R|R|balance|speed|maneuver|spin?

move L 2 3 1 1
Your moves will run when your opponent submits their moves.

!C:  3, R:  l!
+--+--+--+--+--+--+--+--+--+
|       $  $  $  $  $      |
|                          |
+  +  +  +  +  +  +  +  +  +
|    $  $  $  $  $  $  $   |
|                          |
+  +  +  +  +  +  +  +  +  +
|>> >> >> >> >> >> >> >> >>|
|>> >> >> >> >> >> >> >> >>|
+  +  +  +  +  +  +  +  +  +
|vv vv vv vv vv vv vv vv vv|
|vv vv vv vv vv vv vv vv vv|
+  +  +  +  +  +  +  +  +  +
|<< << << << << << << << <<|
|<< << << << << << << << <<|
+  +  +  +  +  +  +  +  +  +
|                          |
|                          |
+  +  +  +  +  +  +  +  +  +
|             @            |
|                   R C    |
+--+--+--+--+--+--+--+--+--+

!C:  r, R:  2!
+--+--+--+--+--+--+--+--+--+
|       $  $  $  $  $      |
|                          |
+  +  +  +  +  +  +  +  +  +
|    $  $  $  $  $  $  $   |
|                          |
+  +  +  +  +  +  +  +  +  +
|>> >> >> >> >> >> >> >> >>|
|>> >> >> >> >> >> >> >> >>|
+  +  +  +  +  +  +  +  +  +
|vv vv vv vv vv vv vv vv vv|
|vv vv vv vv vv vv vv vv vv|
+  +  +  +  +  +  +  +  +  +
|<< << << << << << << << <<|
|<< << << << << << << << <<|
+  +  +  +  +  +  +  +  +  +
|                          |
|                          |
+  +  +  +  +  +  +  +  +  +
|             @        $ c |
|                      R   |
+--+--+--+--+--+--+--+--+--+

!c:  2, R:  3!
+--+--+--+--+--+--+--+--+--+
|       $  $  $  $  $      |
|                          |
+  +  +  +  +  +  +  +  +  +
|    $  $  $  $  $  $  $   |
|                          |
+  +  +  +  +  +  +  +  +  +
|>> >> >> >> >> >> >> >> >>|
|>> >> >> >> >> >> >> >> >>|
+  +  +  +  +  +  +  +  +  +
|vv vv vv vv vv vv vv vv vv|
|vv vv vv vv vv vv vv vv vv|
+  +  +  +  +  +  +  +  +  +
|<< << << << << << << << <<|
|<< << << << << << << << <<|
+  +  +  +  +  +  +  +  +  +
|                          |
|                          |
+  +  +  +  +  +  +  +  +  +
|             @        $ c |
|                      R   |
+--+--+--+--+--+--+--+--+--+

!c:  l, R:  1!
+--+--+--+--+--+--+--+--+--+
|       $  $  $  $  $      |
|                          |
+  +  +  +  +  +  +  +  +  +
|    $  $  $  $  $  $  $   |
|                          |
+  +  +  +  +  +  +  +  +  +
|>> >> >> >> >> >> >> >> >>|
|>> >> >> >> >> >> >> >> >>|
+  +  +  +  +  +  +  +  +  +
|vv vv vv vv vv vv vv vv vv|
|vv vv vv vv vv vv vv vv vv|
+  +  +  +  +  +  +  +  +  +
|<< << << << << << << << <<|
|<< << << << << << << << <<|
+  +  +  +  +  +  +  +  +  +
|                          |
|                          |
+  +  +  +  +  +  +  +  +  +
|             @        $   |
|                      R c |
+--+--+--+--+--+--+--+--+--+

!c:  1, R:  1!
+--+--+--+--+--+--+--+--+--+
|       $  $  $  $  $      |
|                          |
+  +  +  +  +  +  +  +  +  +
|    $  $  $  $  $  $  $   |
|                          |
+  +  +  +  +  +  +  +  +  +
|>> >> >> >> >> >> >> >> >>|
|>> >> >> >> >> >> >> >> >>|
+  +  +  +  +  +  +  +  +  +
|vv vv vv vv vv vv vv vv vv|
|vv vv vv vv vv vv vv vv vv|
+  +  +  +  +  +  +  +  +  +
|<< << << << << << << << <<|
|<< << << << << << << << <<|
+  +  +  +  +  +  +  +  +  +
|                          |
|                          |
+  +  +  +  +  +  +  +  +  +
|             @        $   |
|                      R c |
+--+--+--+--+--+--+--+--+--+
!3:  c:balance:0, R:balance:0!

move 1|1|2|2|3|L|L|R|Rx4 1|1|2|2|3|L|L|R|R|balance|speed|maneuver|spin?

move 2 L 1 1 spin
Your moves will run when your opponent submits their moves.

!R:  2, c:  1!
+--+--+--+--+--+--+--+--+--+
|       $  $  $  $  $      |
|                          |
+  +  +  +  +  +  +  +  +  +
|    $  $  $  $  $  $  $   |
|                          |
+  +  +  +  +  +  +  +  +  +
|>> >> >> >> >> >> >> >> >>|
|>> >> >> >> >> >> >> >> >>|
+  +  +  +  +  +  +  +  +  +
|vv vv vv vv vv vv vv vv vv|
|vv vv vv vv vv vv vv vv vv|
+  +  +  +  +  +  +  +  +  +
|<< << << << << << << << <<|
|<< << << << << << << << <<|
+  +  +  +  +  +  +  +  +  +
|                          |
|                          |
+  +  +  +  +  +  +  +  +  +
|             @        $   |
|                      R c |
+--+--+--+--+--+--+--+--+--+

!R:  l, c:  r!
+--+--+--+--+--+--+--+--+--+
|       $  $  $  $  $      |
|                          |
+  +  +  +  +  +  +  +  +  +
|    $  $  $  $  $  $  $   |
|                          |
+  +  +  +  +  +  +  +  +  +
|>> >> >> >> >> >> >> >> >>|
|>> >> >> >> >> >> >> >> >>|
+  +  +  +  +  +  +  +  +  +
|vv vv vv vv vv vv vv vv vv|
|vv vv vv vv vv vv vv vv vv|
+  +  +  +  +  +  +  +  +  +
|<< << << << << << << << <<|
|<< << << << << << << << <<|
+  +  +  +  +  +  +  +  +  +
|                          |
|                          |
+  +  +  +  +  +  +  +  +  +
|             @        R c |
|                      $   |
+--+--+--+--+--+--+--+--+--+

!R:  1, c:  1!
+--+--+--+--+--+--+--+--+--+
|       $  $  $  $  $      |
|                          |
+  +  +  +  +  +  +  +  +  +
|    $  $  $  $  $  $  $   |
|                          |
+  +  +  +  +  +  +  +  +  +
|>> >> >> >> >> >> >> >> >>|
|>> >> >> >> >> >> >> >> >>|
+  +  +  +  +  +  +  +  +  +
|vv vv vv vv vv vv vv vv vv|
|vv vv vv vv vv vv vv vv vv|
+  +  +  +  +  +  +  +  +  +
|<< << << << << << << << <<|
|<< << << << << << << << <<|
+  +  +  +  +  +  +  +  +  +
|                      R   |
|                          |
+  +  +  +  +  +  +  +  +  +
|             @       C    |
|                          |
+--+--+--+--+--+--+--+--+--+

!R:  1, C:  r!
+--+--+--+--+--+--+--+--+--+
|       $  $  $  $  $      |
|                          |
+  +  +  +  +  +  +  +  +  +
|    $  $  $  $  $  $  $   |
|                          |
+  +  +  +  +  +  +  +  +  +
|>> >> >> >> >> >> >> >> >>|
|>> >> >> >> >> >> >> >> >>|
+  +  +  +  +  +  +  +  +  +
|vv vv vv vv vv vv vv vv vv|
|vv vv vv vv vv vv vv vv vv|
+  +  +  +  +  +  +  +  +  +
|<< << << << << << <R << <<|
|<< << << << << << << << <<|
+  +  +  +  +  +  +  +  +  +
|                          |
|                          |
+  +  +  +  +  +  +  +  +  +
|             @        C   |
|                          |
+--+--+--+--+--+--+--+--+--+

!R:  spin, C:  spin!
+--+--+--+--+--+--+--+--+--+
|       $  $  $  $  $      |
|                          |
+  +  +  +  +  +  +  +  +  +
|    $  $  $  $  $  $  $   |
|                          |
+  +  +  +  +  +  +  +  +  +
|>> >> >> >> >> >> >> >> >>|
|>> >> >> >> >> >> >> >> >>|
+  +  +  +  +  +  +  +  +  +
|vv vv vv vv vv vv vv vv vv|
|vv vv vv vv vv vv vv vv vv|
+  +  +  +  +  +  +  +  +  +
|<< << << << << <R << << <<|
|<< << << << << << << << <<|
+  +  +  +  +  +  +  +  +  +
|                          |
|                          |
+  +  +  +  +  +  +  +  +  +
|             @        C   |
|                          |
+--+--+--+--+--+--+--+--+--+
!4:  R:spin:0, C:spin:0!

move 1|1|2|3|R|R|R|R|Rx4 1|1|2|3|R|R|R|R|R|balance|speed|maneuver|spin?

move 1 2 3 R spin

!C:  3, R:  1!
+--+--+--+--+--+--+--+--+--+
|       $  $  $  $  $      |
|                          |
+  +  +  +  +  +  +  +  +  +
|    $  $  $  $  $  $  $   |
|                          |
+  +  +  +  +  +  +  +  +  +
|>> >> >> >> >> >> >> >> >>|
|>> >> >> >> >> >> >> >> >>|
+  +  +  +  +  +  +  +  +  +
|vv vv vv vv vv vv vv vv vv|
|vv vv vv vv vv vv vv vv vv|
+  +  +  +  +  +  +  +  +  +
|<< << << << << << << << <<|
|<< << << << << <R << <C <<|
+  +  +  +  +  +  +  +  +  +
|                          |
|                          |
+  +  +  +  +  +  +  +  +  +
|             @            |
|                          |
+--+--+--+--+--+--+--+--+--+

!C:  r, R:  2!
+--+--+--+--+--+--+--+--+--+
|       $  $  $  $  $      |
|                          |
+  +  +  +  +  +  +  +  +  +
|    $  $  $  $  $  $  $   |
|                          |
+  +  +  +  +  +  +  +  +  +
|>> >> >> >> >> >> >> >> >>|
|>> >> >> >> >> >> >> >> >>|
+  +  +  +  +  +  +  +  +  +
|vv vv vv vv vv vv vv vv vv|
|vv vv vv vv vv vv vv vv vv|
+  +  +  +  +  +  +  +  +  +
|<< << << << << << << << <<|
|<< << << << << << <R C< <<|
+  +  +  +  +  +  +  +  +  +
|                          |
|                          |
+  +  +  +  +  +  +  +  +  +
|             @            |
|                          |
+--+--+--+--+--+--+--+--+--+

!C:  2, R:  3!
+--+--+--+--+--+--+--+--+--+
|       $  $  $  $  $      |
|                          |
+  +  +  +  +  +  +  +  +  +
|    $  $  $  $  $  $  $   |
|                          |
+  +  +  +  +  +  +  +  +  +
|>> >> >> >> >> >> >> >> >>|
|>> >> >> >> >> >> >> >> >>|
+  +  +  +  +  +  +  +  +  +
|vv vv vv vv vv vv vv vv vv|
|vv vv vv vv vv vv vv vv vv|
+  +  +  +  +  +  +  +  +  +
|<< << << << << << << << <<|
|<< << << << << << << <R <<|
+  +  +  +  +  +  +  +  +  +
|                          |
|                          |
+  +  +  +  +  +  +  +  +  +
|             @            |
|                     C    |
+--+--+--+--+--+--+--+--+--+

!C:  r, R:  r!
+--+--+--+--+--+--+--+--+--+
|       $  $  $  $  $      |
|                          |
+  +  +  +  +  +  +  +  +  +
|    $  $  $  $  $  $  $   |
|                          |
+  +  +  +  +  +  +  +  +  +
|>> >> >> >> >> >> >> >> >>|
|>> >> >> >> >> >> >> >> >>|
+  +  +  +  +  +  +  +  +  +
|vv vv vv vv vv vv vv vv vv|
|vv vv vv vv vv vv vv vv vv|
+  +  +  +  +  +  +  +  +  +
|<< << << << << << << << <<|
|<< << << << << << R< << <<|
+  +  +  +  +  +  +  +  +  +
|                          |
|                          |
+  +  +  +  +  +  +  +  +  +
|             @       C    |
|                          |
+--+--+--+--+--+--+--+--+--+

!C:  1, R:  spin!
+--+--+--+--+--+--+--+--+--+
|       $  $  $  $  $      |
|                          |
+  +  +  +  +  +  +  +  +  +
|    $  $  $  $  $  $  $   |
|                          |
+  +  +  +  +  +  +  +  +  +
|>> >> >> >> >> >> >> >> >>|
|>> >> >> >> >> >> >> >> >>|
+  +  +  +  +  +  +  +  +  +
|vv vv vv vv vv vv vv vv vv|
|vv vv vv vv vv vv vv vv vv|
+  +  +  +  +  +  +  +  +  +
|<< << << << << << << << <<|
|<< << << << << R< << << <<|
+  +  +  +  +  +  +  +  +  +
|                          |
|                          |
+  +  +  +  +  +  +  +  +  +
|             @    C       |
|                          |
+--+--+--+--+--+--+--+--+--+
!5:  C:spin:0, R:spin:0!

move 1|1|2|3|R|R|R|R|Rx4 1|1|2|3|R|R|R|R|R|balance|speed|maneuver|spin?

move 1 2 3 R 1

!R:  1, C:  3!
+--+--+--+--+--+--+--+--+--+
|       $  $  $  $  $      |
|                          |
+  +  +  +  +  +  +  +  +  +
|    $  $  $  $  $  $  $   |
|                          |
+  +  +  +  +  +  +  +  +  +
|>> >> >> >> >> >> >> >> >>|
|>> >> >> >> >> >> >> >> >>|
+  +  +  +  +  +  +  +  +  +
|vv vv vv vv vv vv vv vv vv|
|vv vv vv vv vv vv vv vv vv|
+  +  +  +  +  +  +  +  +  +
|<< << << << << << << << <<|
|<< << << << << << << << <<|
+  +  +  +  +  +  +  +  +  +
|                          |
|               R          |
+  +  +  +  +  +  +  +  +  +
|         C   @            |
|                          |
+--+--+--+--+--+--+--+--+--+

!R:  2, C:  r!
+--+--+--+--+--+--+--+--+--+
|       $  $  $  $  $      |
|                          |
+  +  +  +  +  +  +  +  +  +
|    $  $  $  $  $  $  $   |
|                          |
+  +  +  +  +  +  +  +  +  +
|>> >> >> >> >> >> >> >> >>|
|>> >> >> >> >> >> >> >> >>|
+  +  +  +  +  +  +  +  +  +
|vv vv vv vv vv vv vv vv vv|
|vv vv vv vv vv vv vv vv vv|
+  +  +  +  +  +  +  +  +  +
|<< << << << << << << << <<|
|<< << << << << << << << <<|
+  +  +  +  +  +  +  +  +  +
|                          |
|                          |
+  +  +  +  +  +  +  +  +  +
|          C  @            |
|               R          |
+--+--+--+--+--+--+--+--+--+

!R:  3, C:  2!
+--+--+--+--+--+--+--+--+--+
|       $  $  $  $  $      |
|                          |
+  +  +  +  +  +  +  +  +  +
|    $  $  $  $  $  $  $   |
|                          |
+  +  +  +  +  +  +  +  +  +
|>> >> >> >> >> >> >> >> >>|
|>> >> >> >> >> >> >> >> >>|
+  +  +  +  +  +  +  +  +  +
|vv vv vv vv vv vv vv vv vv|
|vv vv vv vv vv vv vv vv vv|
+  +  +  +  +  +  +  +  +  +
|<< << <C << << << << << <<|
|<< << << << << << << << <<|
+  +  +  +  +  +  +  +  +  +
|                          |
|                          |
+  +  +  +  +  +  +  +  +  +
|             @            |
|               R          |
+--+--+--+--+--+--+--+--+--+

!R:  r, C:  r!
+--+--+--+--+--+--+--+--+--+
|       $  $  $  $  $      |
|                          |
+  +  +  +  +  +  +  +  +  +
|    $  $  $  $  $  $  $   |
|                          |
+  +  +  +  +  +  +  +  +  +
|>> >> >> >> >> >> >> >> >>|
|>> >> >> >> >> >> >> >> >>|
+  +  +  +  +  +  +  +  +  +
|vv vv vv vv vv vv vv vv vv|
|vv vv vv vv vv vv vv vv vv|
+  +  +  +  +  +  +  +  +  +
|<< << << << << << << << <<|
|<< <C << << << << << << <<|
+  +  +  +  +  +  +  +  +  +
|                          |
|                          |
+  +  +  +  +  +  +  +  +  +
|             @ R          |
|                          |
+--+--+--+--+--+--+--+--+--+

!R:  1, C:  speed!
+--+--+--+--+--+--+--+--+--+
|       $  $  $  $  $      |
|                          |
+  +  +  +  +  +  +  +  +  +
|    $  $  $  $  $  $  $   |
|                          |
+  +  +  +  +  +  +  +  +  +
|>> >> >> >> >> >> >> >> >>|
|>> >> >> >> >> >> >> >> >>|
+  +  +  +  +  +  +  +  +  +
|vv vv vv vv vv vv vv vv vv|
|vv vv vv vv vv vv vv vv vv|
+  +  +  +  +  +  +  +  +  +
|<< << << << << << << << <<|
|<C << << << << << << << <<|
+  +  +  +  +  +  +  +  +  +
|                          |
|                          |
+  +  +  +  +  +  +  +  +  +
|            r@            |
|                          |
+--+--+--+--+--+--+--+--+--+
!6:  r:spin:1, C:speed:0!

move 1|1|2|3|R|R|R|R|Rx4 1|1|2|3|R|R|R|R|R|balance|speed|maneuver|spin?

move 1 R 3 1 spin
Your moves will run when your opponent submits their moves.

!C:  3, r:  1!
+--+--+--+--+--+--+--+--+--+
|       $  $  $  $  $      |
|                          |
+  +  +  +  +  +  +  +  +  +
|    $  $  $  $  $  $  $   |
|                          |
+  +  +  +  +  +  +  +  +  +
|>> >> >> >> >> >> >> >> >>|
|>> >> >> >> >> >> >> >> >>|
+  +  +  +  +  +  +  +  +  +
|vv vv vv vv vv vv vv vv vv|
|vv vv vv vv vv vv vv vv vv|
+  +  +  +  +  +  +  +  +  +
|<< << << << << << << << <<|
|<< << <C << << << << << <<|
+  +  +  +  +  +  +  +  +  +
|                          |
|                          |
+  +  +  +  +  +  +  +  +  +
|         r   @            |
|                          |
+--+--+--+--+--+--+--+--+--+

!C:  l, r:  r!
+--+--+--+--+--+--+--+--+--+
|       $  $  $  $  $      |
|                          |
+  +  +  +  +  +  +  +  +  +
|    $  $  $  $  $  $  $   |
|                          |
+  +  +  +  +  +  +  +  +  +
|>> >> >> >> >> >> >> >> >>|
|>> >> >> >> >> >> >> >> >>|
+  +  +  +  +  +  +  +  +  +
|vv vv vv vv vv vv vv vv vv|
|vv vv vv vv vv vv vv vv vv|
+  +  +  +  +  +  +  +  +  +
|<< <C << << << << << << <<|
|<< << << << << << << << <<|
+  +  +  +  +  +  +  +  +  +
|                          |
|                          |
+  +  +  +  +  +  +  +  +  +
|          r  @            |
|                          |
+--+--+--+--+--+--+--+--+--+

!C:  2, r:  3!
+--+--+--+--+--+--+--+--+--+
|       $  $  $  $  $      |
|                          |
+  +  +  +  +  +  +  +  +  +
|    $  $  $  $  $  $  $   |
|                          |
+  +  +  +  +  +  +  +  +  +
|>> >> >C >> >> >> >> >> >>|
|>> >> >> >> >> >> >> >> >>|
+  +  +  +  +  +  +  +  +  +
|vv vv vv vv vv vv vv vv vv|
|vv vv vv vv vv vv vv vv vv|
+  +  +  +  +  +  +  +  +  +
|<< << << << << << << << <<|
|<< << << <r << << << << <<|
+  +  +  +  +  +  +  +  +  +
|                          |
|                          |
+  +  +  +  +  +  +  +  +  +
|             @            |
|                          |
+--+--+--+--+--+--+--+--+--+

!C:  r, r:  1!
+--+--+--+--+--+--+--+--+--+
|       $  $  $  $  $      |
|                          |
+  +  +  +  +  +  +  +  +  +
|    $  $  $  $  $  $  $   |
|                          |
+  +  +  +  +  +  +  +  +  +
|>> >> >> >> >> >> >> >> >>|
|>> >> >> >C >> >> >> >> >>|
+  +  +  +  +  +  +  +  +  +
|vv vv vv vv vv vv vv vv vv|
|vv vv vv vv vv vv vv vv vv|
+  +  +  +  +  +  +  +  +  +
|<< << << << << << << << <<|
|<< << << <r << << << << <<|
+  +  +  +  +  +  +  +  +  +
|                          |
|                          |
+  +  +  +  +  +  +  +  +  +
|             @            |
|                          |
+--+--+--+--+--+--+--+--+--+

!C:  balance, r:  spin!
+--+--+--+--+--+--+--+--+--+
|       $  $  $  $  $      |
|                          |
+  +  +  +  +  +  +  +  +  +
|    $  $  $  $  $  $  $   |
|                          |
+  +  +  +  +  +  +  +  +  +
|>> >> >> >> >> >> >> >> >>|
|>> >> >> >> >C >> >> >> >>|
+  +  +  +  +  +  +  +  +  +
|vv vv vv vv vv vv vv vv vv|
|vv vv vv vv vv vv vv vv vv|
+  +  +  +  +  +  +  +  +  +
|<< << << << << << << << <<|
|<< << <r << << << << << <<|
+  +  +  +  +  +  +  +  +  +
|                          |
|                          |
+  +  +  +  +  +  +  +  +  +
|             @            |
|                          |
+--+--+--+--+--+--+--+--+--+
!7:  C:balance:0, r:spin:1!

move 1|1|2|3|R|R|R|R|Rx4 1|1|2|3|R|R|R|R|R|balance|speed|maneuver|spin?

move R 1 3 2 1
Your moves will run when your opponent submits their moves.

!r:  r, C:  1!
+--+--+--+--+--+--+--+--+--+
|       $  $  $  $  $      |
|                          |
+  +  +  +  +  +  +  +  +  +
|    $  $  $  $  $  $  $   |
|                          |
+  +  +  +  +  +  +  +  +  +
|>> >> >> >> >> >> >> >> >>|
|>> >> >> >> >> >> >C >> >>|
+  +  +  +  +  +  +  +  +  +
|vv vv vv vv vv vv vv vv vv|
|vv vv vv vv vv vv vv vv vv|
+  +  +  +  +  +  +  +  +  +
|<< << << << << << << << <<|
|<< r< << << << << << << <<|
+  +  +  +  +  +  +  +  +  +
|                          |
|                          |
+  +  +  +  +  +  +  +  +  +
|             @            |
|                          |
+--+--+--+--+--+--+--+--+--+

!r:  1, C:  l!
+--+--+--+--+--+--+--+--+--+
|       $  $  $  $  $      |
|                          |
+  +  +  +  +  +  +  +  +  +
|    $  $  $  $  $  $  $   |
|                          |
+  +  +  +  +  +  +  +  +  +
|>> >> >> >> >> >> >> >C >>|
|>> >> >> >> >> >> >> >> >>|
+  +  +  +  +  +  +  +  +  +
|vv vv vv vv vv vv vv vv vv|
|vv vv vv vv vv vv vv vv vv|
+  +  +  +  +  +  +  +  +  +
|<< << << << << << << << <<|
|<< << << << << << << << <<|
+  +  +  +  +  +  +  +  +  +
|                          |
|   r                      |
+  +  +  +  +  +  +  +  +  +
|             @            |
|                          |
+--+--+--+--+--+--+--+--+--+

!r:  3, C:  1!
+--+--+--+--+--+--+--+--+--+
|       $  $  $  $  $      |
|                          |
+  +  +  +  +  +  +  +  +  +
|    $  $  $  $  $  $  C   |
|                      $   |
+  +  +  +  +  +  +  +  +  +
|>> >> >> >> >> >> >> >> >>|
|>> >> >> >> >> >> >> >> >>|
+  +  +  +  +  +  +  +  +  +
|vv vv vv vv vv vv vv vv vv|
|vv vv vv vv vv vv vv vv vv|
+  +  +  +  +  +  +  +  +  +
|<< << << << << << << << <<|
|<< << << << << << << << <<|
+  +  +  +  +  +  +  +  +  +
|                          |
|                          |
+  +  +  +  +  +  +  +  +  +
|             @            |
|   r                      |
+--+--+--+--+--+--+--+--+--+

!r:  2, C:  r!
+--+--+--+--+--+--+--+--+--+
|       $  $  $  $  $      |
|                          |
+  +  +  +  +  +  +  +  +  +
|    $  $  $  $  $  $  $   |
|                      C   |
+  +  +  +  +  +  +  +  +  +
|>> >> >> >> >> >> >> >> >>|
|>> >> >> >> >> >> >> >> >>|
+  +  +  +  +  +  +  +  +  +
|vv vv vv vv vv vv vv vv vv|
|vv vv vv vv vv vv vv vv vv|
+  +  +  +  +  +  +  +  +  +
|<< << << << << << << << <<|
|<< << << << << << << << <<|
+  +  +  +  +  +  +  +  +  +
|                          |
|                          |
+  +  +  +  +  +  +  +  +  +
|             @            |
|   r                      |
+--+--+--+--+--+--+--+--+--+

!r:  1, C:  spin!
+--+--+--+--+--+--+--+--+--+
|       $  $  $  $  $      |
|                          |
+  +  +  +  +  +  +  +  +  +
|    $  $  $  $  $  $  $   |
|                      C   |
+  +  +  +  +  +  +  +  +  +
|>> >> >> >> >> >> >> >> >>|
|>> >> >> >> >> >> >> >> >>|
+  +  +  +  +  +  +  +  +  +
|vv vv vv vv vv vv vv vv vv|
|vv vv vv vv vv vv vv vv vv|
+  +  +  +  +  +  +  +  +  +
|<< << << << << << << << <<|
|<< << << << << << << << <<|
+  +  +  +  +  +  +  +  +  +
|                          |
|                          |
+  +  +  +  +  +  +  +  +  +
|             @            |
|   r                      |
+--+--+--+--+--+--+--+--+--+
!8:  r:spin:1, C:spin:0!

move 1|1|2|3|R|R|R|R|Rx4 1|1|2|3|R|R|R|R|R|balance|speed|maneuver|spin?

move 1 R 2 3 speed
Your moves will run when your opponent submits their moves.

!C:  1, r:  1!
+--+--+--+--+--+--+--+--+--+
|       $  $  $  $  $      |
|                          |
+  +  +  +  +  +  +  +  +  +
|    $  $  $  $  $  $  $   |
|                         C|
+  +  +  +  +  +  +  +  +  +
|>> >> >> >> >> >> >> >> >>|
|>> >> >> >> >> >> >> >> >>|
+  +  +  +  +  +  +  +  +  +
|vv vv vv vv vv vv vv vv vv|
|vv vv vv vv vv vv vv vv vv|
+  +  +  +  +  +  +  +  +  +
|<< << << << << << << << <<|
|<< << << << << << << << <<|
+  +  +  +  +  +  +  +  +  +
|                          |
|                          |
+  +  +  +  +  +  +  +  +  +
|             @            |
|   r                      |
+--+--+--+--+--+--+--+--+--+

!C:  1, r:  r!
+--+--+--+--+--+--+--+--+--+
|       $  $  $  $  $      |
|                          |
+  +  +  +  +  +  +  +  +  +
|    $  $  $  $  $  $  $   |
|                         C|
+  +  +  +  +  +  +  +  +  +
|>> >> >> >> >> >> >> >> >>|
|>> >> >> >> >> >> >> >> >>|
+  +  +  +  +  +  +  +  +  +
|vv vv vv vv vv vv vv vv vv|
|vv vv vv vv vv vv vv vv vv|
+  +  +  +  +  +  +  +  +  +
|<< << << << << << << << <<|
|<< << << << << << << << <<|
+  +  +  +  +  +  +  +  +  +
|                          |
|                          |
+  +  +  +  +  +  +  +  +  +
|   r         @            |
|                          |
+--+--+--+--+--+--+--+--+--+

!C:  2, r:  2!
+--+--+--+--+--+--+--+--+--+
|       $  $  $  $  $      |
|                          |
+  +  +  +  +  +  +  +  +  +
|    $  $  $  $  $  $  $   |
|                         C|
+  +  +  +  +  +  +  +  +  +
|>> >> >> >> >> >> >> >> >>|
|>> >> >> >> >> >> >> >> >>|
+  +  +  +  +  +  +  +  +  +
|vv vv vv vv vv vv vv vv vv|
|vv vv vv vv vv vv vv vv vv|
+  +  +  +  +  +  +  +  +  +
|<< << << << << << << << <<|
|<< << << << << << << << <<|
+  +  +  +  +  +  +  +  +  +
|                          |
|                          |
+  +  +  +  +  +  +  +  +  +
|r            @            |
|                          |
+--+--+--+--+--+--+--+--+--+

!C:  3, r:  3!
+--+--+--+--+--+--+--+--+--+
|       $  $  $  $  $      |
|                          |
+  +  +  +  +  +  +  +  +  +
|    $  $  $  $  $  $  $   |
|                         C|
+  +  +  +  +  +  +  +  +  +
|>> >> >> >> >> >> >> >> >>|
|>> >> >> >> >> >> >> >> >>|
+  +  +  +  +  +  +  +  +  +
|vv vv vv vv vv vv vv vv vv|
|vv vv vv vv vv vv vv vv vv|
+  +  +  +  +  +  +  +  +  +
|<< << << << << << << << <<|
|<< << << << << << << << <<|
+  +  +  +  +  +  +  +  +  +
|                          |
|                          |
+  +  +  +  +  +  +  +  +  +
|r            @            |
|                          |
+--+--+--+--+--+--+--+--+--+

!C:  spin, r:  speed!
+--+--+--+--+--+--+--+--+--+
|       $  $  $  $  $      |
|                          |
+  +  +  +  +  +  +  +  +  +
|    $  $  $  $  $  $  $   |
|                         C|
+  +  +  +  +  +  +  +  +  +
|>> >> >> >> >> >> >> >> >>|
|>> >> >> >> >> >> >> >> >>|
+  +  +  +  +  +  +  +  +  +
|vv vv vv vv vv vv vv vv vv|
|vv vv vv vv vv vv vv vv vv|
+  +  +  +  +  +  +  +  +  +
|<< << << << << << << << <<|
|<< << << << << << << << <<|
+  +  +  +  +  +  +  +  +  +
|                          |
|                          |
+  +  +  +  +  +  +  +  +  +
|r            @            |
|                          |
+--+--+--+--+--+--+--+--+--+
!9:  C:spin:0, r:speed:1!

move 1|1|2|2|2|3|3|L|Rx4 1|1|2|2|2|3|3|L|R|balance|speed|maneuver|spin?


